parameter file: TGEN_cleaned3.par
### THE INPUT PARAMETERS
##PARAMETER NAME: VALUE
genotypename: /projectnb/bs859/students/tshah20/hw_02/TGEN_cleaned3.bed
snpname: /projectnb/bs859/students/tshah20/hw_02/TGEN_cleaned3.bim
indivname: /projectnb/bs859/students/tshah20/hw_02/TGEN_cleaned3.fam
evecoutname: TGEN_cleaned3_PCA.evec
evaloutname: TGEN_cleaned3_PCA.eval
altnormstyle: NO
numoutevec: 10
numoutlieriter: 0
## smartpca version: 16000
norm used

genetic distance set from physical distance
genotype file processed
number of samples used: 1237 number of snps used: 69315
Using 27 threads, and partial sum lookup algorithm.
total number of snps killed in pass: 0  used: 69315

## Tracy-Widom statistics: rows: 1237  cols: 69315
  #N    eigenvalue  difference    twstat      p-value effect. n
   1      4.123888          NA  1219.797            0 31182.895
   2      3.347723   -0.776165  1017.553            0 38672.136
   3      2.354696   -0.993027   567.683            0 44757.454
   4      1.842694   -0.512002   293.212            0 47167.841
   5      1.653350   -0.189343   187.416            0 48111.330
   6      1.586214   -0.067137   150.441            0 48660.435
   7      1.520778   -0.065436   113.453            0 49095.780
   8      1.486965   -0.033813    94.724 5.42569e-269 49427.010
   9      1.439050   -0.047915    67.108 3.33752e-161 49710.469
  10      1.412911   -0.026139    52.292 1.73181e-111 49927.294
  11      1.380769   -0.032143    33.626  2.05421e-58 50111.299
  12      1.367462   -0.013307    26.240  7.56376e-41 50256.129
  13      1.349154   -0.018308    15.724  6.28659e-20 50386.524
  14      1.337762   -0.011392     9.344   4.3333e-10 50496.854
  15      1.335918   -0.001843     8.762  2.53732e-09 50595.545
  16      1.330346   -0.005572     5.887  2.58781e-06 50693.440
  17      1.322211   -0.008135     1.414    0.0265509 50786.323
  18      1.319301   -0.002911     0.121     0.147159 50871.360
  19      1.318038   -0.001263    -0.167     0.200413 50954.300
  20      1.316999   -0.001039    -0.320     0.233425 51036.932
  21      1.313803   -0.003197    -1.807     0.669316 51119.495
  22      1.311526   -0.002276    -2.736     0.892437 51199.608
  23      1.309655   -0.001871    -3.421     0.969241 51278.262
  24      1.309105   -0.000550    -3.293     0.959883 51355.887
  25      1.306191   -0.002915    -4.630     0.998914 51433.922
  26      1.304788   -0.001402    -5.039     0.999762 51509.764
  27      1.303259   -0.001529    -5.530     0.999971 51585.056
  28      1.302840   -0.000419    -5.334      0.99993 51659.650
  29      1.301037   -0.001803    -5.998     0.999997 51734.761
  30      1.299839   -0.001198    -6.291     0.999999 51808.860
  31      1.298757   -0.001082    -6.513            1 51882.606
  32      1.297902   -0.000855    -6.596            1 51956.120
  33      1.297388   -0.000515    -6.467            1 52029.651
  34      1.295835   -0.001552    -6.986            1 52103.576
  35      1.293324   -0.002511    -8.111            1 52176.735
  36      1.292970   -0.000354    -7.890            1 52248.047
  37      1.292098   -0.000872    -7.993            1 52319.908
  38      1.291327   -0.000771    -8.034            1 52391.739
  39      1.290757   -0.000570    -7.949            1 52463.653
  40      1.288794   -0.001963    -8.741            1 52535.876
  41      1.287521   -0.001273    -9.104            1 52606.828
  42      1.287151   -0.000370    -8.900            1 52677.279
  43      1.285961   -0.001190    -9.212            1 52748.249
  44      1.284021   -0.001939   -10.001            1 52818.804
  45      1.283661   -0.000360    -9.796            1 52888.084
  46      1.282406   -0.001256   -10.157            1 52957.879
  47      1.281823   -0.000583   -10.094            1 53027.167
  48      1.279886   -0.001937   -10.890            1 53096.714
  49      1.279298   -0.000589   -10.836            1 53164.959
  50      1.277587   -0.001710   -11.494            1 53233.444
  51      1.276594   -0.000994   -11.701            1 53300.872
  52      1.275816   -0.000778   -11.773            1 53368.061
  53      1.274652   -0.001163   -12.090            1 53435.255
  54      1.274128   -0.000525   -12.003            1 53502.005
  55      1.273214   -0.000914   -12.164            1 53569.049
  56      1.272225   -0.000988   -12.374            1 53635.933
  57      1.270844   -0.001382   -12.837            1 53702.566
  58      1.270316   -0.000528   -12.756            1 53768.482
  59      1.269329   -0.000987   -12.970            1 53834.677
  60      1.268172   -0.001158   -13.294            1 53900.609
  61      1.267126   -0.001046   -13.550            1 53966.073
  62      1.265889   -0.001236   -13.930            1 54031.194
  63      1.264665   -0.001224   -14.304            1 54095.741
  64      1.264224   -0.000441   -14.177            1 54159.721
  65      1.263185   -0.001040   -14.435            1 54224.059
  66      1.262276   -0.000908   -14.610            1 54288.042
  67      1.261919   -0.000357   -14.431            1 54351.822
  68      1.260415   -0.001504   -14.992            1 54416.056
  69      1.259491   -0.000924   -15.182            1 54479.368
  70      1.258631   -0.000860   -15.332            1 54542.446
  71      1.257138   -0.001493   -15.893            1 54605.363
  72      1.256424   -0.000714   -15.952            1 54667.352
  73      1.255517   -0.000907   -16.138            1 54729.344
  74      1.255004   -0.000513   -16.069            1 54791.103
  75      1.254311   -0.000693   -16.117            1 54853.103
  76      1.253701   -0.000610   -16.111            1 54915.128
  77      1.252445   -0.001256   -16.527            1 54977.276
  78      1.252042   -0.000403   -16.389            1 55038.757
  79      1.250614   -0.001428   -16.919            1 55100.609
  80      1.249871   -0.000743   -17.005            1 55161.573
  81      1.249561   -0.000310   -16.810            1 55222.483
  82      1.249012   -0.000549   -16.769            1 55283.872
  83      1.248278   -0.000734   -16.850            1 55345.448
  84      1.247331   -0.000947   -17.071            1 55406.982
  85      1.246391   -0.000940   -17.290            1 55468.204
  86      1.245708   -0.000683   -17.341            1 55529.120
  87      1.245449   -0.000259   -17.114            1 55590.046
  88      1.244528   -0.000922   -17.321            1 55651.516
  89      1.243815   -0.000712   -17.393            1 55712.697
  90      1.243399   -0.000417   -17.270            1 55773.849
  91      1.242695   -0.000703   -17.336            1 55835.346
  92      1.241843   -0.000852   -17.501            1 55896.825
  93      1.240966   -0.000878   -17.683            1 55958.096
  94      1.239977   -0.000989   -17.941            1 56019.121
  95      1.239052   -0.000925   -18.158            1 56079.753
  96      1.238529   -0.000523   -18.111            1 56140.070
  97      1.238200   -0.000328   -17.935            1 56200.583
  98      1.236499   -0.001701   -18.667            1 56261.546
  99      1.235797   -0.000702   -18.742            1 56321.186
 100      1.235333   -0.000464   -18.659            1 56380.781
 101      1.234918   -0.000415   -18.544            1 56440.641
 102      1.233145   -0.001773   -19.331            1 56500.829
 103      1.233027   -0.000119   -19.022            1 56559.576
 104      1.232523   -0.000504   -18.969            1 56619.029
 105      1.232240   -0.000283   -18.767            1 56678.688
 106      1.231477   -0.000763   -18.885            1 56738.847
 107      1.229423   -0.002054   -19.865            1 56798.875
 108      1.229144   -0.000279   -19.667            1 56857.064
 109      1.228809   -0.000335   -19.504            1 56915.743
 110      1.228315   -0.000495   -19.448            1 56974.843
 111      1.228095   -0.000219   -19.208            1 57034.153
 112      1.226830   -0.001265   -19.666            1 57094.045
 113      1.226726   -0.000104   -19.350            1 57153.119
 114      1.225519   -0.001207   -19.771            1 57212.928
 115      1.224861   -0.000658   -19.827            1 57271.990
 116      1.223636   -0.001225   -20.264            1 57331.038
 117      1.223234   -0.000401   -20.151            1 57389.303
 118      1.222588   -0.000646   -20.201            1 57447.892
 119      1.222040   -0.000548   -20.186            1 57506.476
 120      1.221231   -0.000809   -20.347            1 57565.187
 121      1.220746   -0.000485   -20.291            1 57623.666
 122      1.220150   -0.000596   -20.309            1 57682.357
 123      1.218836   -0.001315   -20.813            1 57741.106
 124      1.217928   -0.000908   -21.046            1 57798.922
 125      1.217503   -0.000425   -20.953            1 57856.358
 126      1.217061   -0.000442   -20.872            1 57914.075
 127      1.216774   -0.000287   -20.686            1 57972.050
 128      1.215556   -0.001217   -21.129            1 58030.502
 129      1.215375   -0.000181   -20.872            1 58088.136
 130      1.214878   -0.000497   -20.828            1 58146.391
 131      1.214304   -0.000574   -20.837            1 58204.831
 132      1.213216   -0.001088   -21.195            1 58263.346
 133      1.212467   -0.000748   -21.325            1 58321.213
 134      1.211739   -0.000728   -21.442            1 58378.902
 135      1.211101   -0.000638   -21.498            1 58436.439
 136      1.210574   -0.000527   -21.479            1 58493.950
 137      1.210128   -0.000446   -21.405            1 58551.592
 138      1.209314   -0.000814   -21.582            1 58609.479
 139      1.208781   -0.000533   -21.568            1 58667.086
 140      1.208730   -0.000051   -21.225            1 58724.813
 141      1.208193   -0.000537   -21.212            1 58783.354
 142      1.206961   -0.001233   -21.677            1 58842.016
 143      1.206574   -0.000386   -21.563            1 58899.788
 144      1.206407   -0.000168   -21.300            1 58957.890
 145      1.205380   -0.001027   -21.625            1 59016.645
 146      1.205115   -0.000264   -21.429            1 59074.799
 147      1.204302   -0.000814   -21.609            1 59133.464
 148      1.203281   -0.001021   -21.933            1 59191.838
 149      1.202809   -0.000472   -21.881            1 59249.608
 150      1.202095   -0.000714   -21.996            1 59307.580
 151      1.201281   -0.000814   -22.180            1 59365.396
 152      1.201186   -0.000095   -21.870            1 59422.904
 153      1.199865   -0.001321   -22.404            1 59481.170
 154      1.199438   -0.000428   -22.325            1 59538.371
 155      1.198618   -0.000820   -22.517            1 59595.831
 156      1.198130   -0.000488   -22.480            1 59652.963
 157      1.198116   -0.000014   -22.116            1 59710.261
 158      1.197439   -0.000677   -22.209            1 59768.441
 159      1.196493   -0.000945   -22.488            1 59826.507
 160      1.195018   -0.001475   -23.137            1 59884.051
 161      1.194650   -0.000368   -23.022            1 59940.263
 162      1.194362   -0.000289   -22.850            1 59996.811
 163      1.193386   -0.000976   -23.156            1 60053.820
 164      1.192625   -0.000761   -23.314            1 60110.240
 165      1.191662   -0.000963   -23.614            1 60166.396
 166      1.191295   -0.000367   -23.501            1 60221.973
 167      1.190571   -0.000724   -23.636            1 60277.881
 168      1.189992   -0.000579   -23.671            1 60333.571
 169      1.189610   -0.000382   -23.569            1 60389.265
 170      1.188845   -0.000764   -23.733            1 60445.266
 171      1.187816   -0.001030   -24.084            1 60500.982
 172      1.187283   -0.000533   -24.090            1 60555.996
 173      1.187020   -0.000263   -23.907            1 60611.075
 174      1.186484   -0.000536   -23.914            1 60666.641
 175      1.185791   -0.000693   -24.033            1 60722.270
 176      1.185052   -0.000738   -24.183            1 60777.713
 177      1.184742   -0.000311   -24.035            1 60832.896
 178      1.183719   -0.001023   -24.386            1 60888.491
 179      1.183383   -0.000335   -24.256            1 60943.373
 180      1.183017   -0.000366   -24.147            1 60998.625
 181      1.182617   -0.000400   -24.062            1 61054.201
 182      1.182194   -0.000423   -23.992            1 61110.051
 183      1.181662   -0.000532   -23.999            1 61166.139
 184      1.180929   -0.000732   -24.148            1 61222.290
 185      1.180286   -0.000643   -24.234            1 61278.181
 186      1.179747   -0.000539   -24.248            1 61333.952
 187      1.178891   -0.000856   -24.486            1 61389.770
 188      1.178198   -0.000694   -24.611            1 61445.118
 189      1.177944   -0.000254   -24.425            1 61500.256
 190      1.176943   -0.001001   -24.768            1 61555.898
 191      1.176616   -0.000327   -24.635            1 61610.824
 192      1.176297   -0.000319   -24.497            1 61666.133
 193      1.176177   -0.000119   -24.216            1 61721.841
 194      1.175558   -0.000619   -24.288            1 61778.283
 195      1.174469   -0.001089   -24.695            1 61834.635
 196      1.173725   -0.000744   -24.859            1 61890.112
 197      1.172988   -0.000737   -25.018            1 61945.282
 198      1.172771   -0.000217   -24.810            1 62000.152
 199      1.172178   -0.000594   -24.868            1 62055.587
 200      1.171753   -0.000425   -24.807            1 62110.960
 201      1.171014   -0.000739   -24.969            1 62166.554
 202      1.170757   -0.000257   -24.789            1 62221.839
 203      1.170289   -0.000468   -24.758            1 62277.628
 204      1.169885   -0.000405   -24.682            1 62333.566
 205      1.169274   -0.000610   -24.753            1 62389.761
 206      1.168806   -0.000468   -24.723            1 62445.864
 207      1.168267   -0.000539   -24.744            1 62502.116
 208      1.167571   -0.000696   -24.877            1 62558.396
 209      1.166649   -0.000922   -25.174            1 62614.431
 210      1.166207   -0.000443   -25.128            1 62669.828
 211      1.165470   -0.000737   -25.294            1 62725.410
 212      1.165056   -0.000414   -25.229            1 62780.665
 213      1.164535   -0.000521   -25.240            1 62836.151
 214      1.163951   -0.000584   -25.297            1 62891.683
 215      1.163372   -0.000578   -25.351            1 62947.150
 216      1.162645   -0.000727   -25.512            1 63002.559
 217      1.161923   -0.000723   -25.671            1 63057.649
 218      1.161451   -0.000472   -25.650            1 63112.421
 219      1.161352   -0.000099   -25.361            1 63167.315
 220      1.160355   -0.000997   -25.718            1 63222.993
 221      1.160068   -0.000287   -25.565            1 63277.864
 222      1.159270   -0.000798   -25.780            1 63333.184
 223      1.159106   -0.000164   -25.538            1 63388.043
 224      1.158318   -0.000789   -25.747            1 63443.573
 225      1.157230   -0.001088   -26.174            1 63498.656
 226      1.156920   -0.000310   -26.041            1 63552.749
 227      1.156556   -0.000364   -25.945            1 63607.242
 228      1.156402   -0.000154   -25.697            1 63662.043
 229      1.155781   -0.000621   -25.787            1 63717.535
 230      1.155084   -0.000697   -25.933            1 63772.873
 231      1.153954   -0.001130   -26.394            1 63827.915
 232      1.153735   -0.000218   -26.195            1 63881.867
 233      1.153091   -0.000644   -26.305            1 63936.386
 234      1.152677   -0.000414   -26.249            1 63990.695
 235      1.152404   -0.000273   -26.089            1 64045.214
 236      1.152245   -0.000159   -25.845            1 64100.206
 237      1.151722   -0.000523   -25.867            1 64155.888
 238      1.151195   -0.000526   -25.890            1 64211.587
 239      1.150486   -0.000710   -26.048            1 64267.297
 240      1.150096   -0.000389   -25.973            1 64322.672
 241      1.149714   -0.000382   -25.893            1 64378.310
 242      1.149174   -0.000540   -25.927            1 64434.227
 243      1.148335   -0.000839   -26.182            1 64490.125
 244      1.148060   -0.000275   -26.024            1 64545.436
 245      1.147204   -0.000855   -26.291            1 64601.225
 246      1.146544   -0.000660   -26.417            1 64656.389
 247      1.145860   -0.000684   -26.561            1 64711.295
 248      1.145829   -0.000030   -26.226            1 64765.892
 249      1.144855   -0.000974   -26.583            1 64821.431
 250      1.144634   -0.000221   -26.389            1 64876.104
 251      1.143645   -0.000988   -26.758            1 64931.353
 252      1.143417   -0.000228   -26.570            1 64985.701
 253      1.142745   -0.000672   -26.707            1 65040.609
 254      1.142377   -0.000368   -26.622            1 65095.221
 255      1.141917   -0.000460   -26.603            1 65150.123
 256      1.141543   -0.000374   -26.522            1 65205.140
 257      1.141031   -0.000512   -26.542            1 65260.439
 258      1.140762   -0.000270   -26.384            1 65315.751
 259      1.139750   -0.001012   -26.774            1 65371.554
 260      1.139613   -0.000136   -26.518            1 65426.382
 261      1.138437   -0.001176   -27.031            1 65481.961
 262      1.138360   -0.000077   -26.732            1 65536.230
 263      1.137630   -0.000730   -26.917            1 65591.365
 264      1.137475   -0.000155   -26.675            1 65646.067
 265      1.136871   -0.000604   -26.766            1 65701.486
 266      1.136448   -0.000423   -26.723            1 65756.725
 267      1.135861   -0.000588   -26.802            1 65812.147
 268      1.135077   -0.000784   -27.028            1 65867.418
 269      1.134900   -0.000177   -26.804            1 65922.139
 270      1.134046   -0.000854   -27.083            1 65977.535
 271      1.133949   -0.000098   -26.800            1 66032.233
 272      1.133260   -0.000689   -26.956            1 66087.770
 273      1.133005   -0.000255   -26.791            1 66142.942
 274      1.132705   -0.000300   -26.657            1 66198.636
 275      1.132115   -0.000590   -26.740            1 66254.764
 276      1.131873   -0.000242   -26.563            1 66310.730
 277      1.131250   -0.000623   -26.671            1 66367.254
 278      1.129963   -0.001287   -27.276            1 66423.546
 279      1.129745   -0.000219   -27.084            1 66478.218
 280      1.129204   -0.000540   -27.133            1 66533.485
 281      1.129008   -0.000197   -26.925            1 66588.678
 282      1.128464   -0.000543   -26.976            1 66644.518
 283      1.128014   -0.000450   -26.957            1 66700.281
 284      1.127502   -0.000513   -26.985            1 66756.161
 285      1.127123   -0.000379   -26.913            1 66812.025
 286      1.126539   -0.000583   -26.995            1 66868.158
 287      1.126322   -0.000217   -26.802            1 66924.124
 288      1.126095   -0.000227   -26.615            1 66980.704
 289      1.125191   -0.000904   -26.937            1 67037.885
 290      1.124412   -0.000779   -27.168            1 67094.210
 291      1.124101   -0.000310   -27.046            1 67149.940
 292      1.123904   -0.000197   -26.838            1 67206.082
 293      1.123322   -0.000582   -26.920            1 67262.888
 294      1.122676   -0.000646   -27.051            1 67319.523
 295      1.122420   -0.000256   -26.888            1 67375.843
 296      1.121281   -0.001138   -27.392            1 67432.701
 297      1.120596   -0.000685   -27.555            1 67488.161
 298      1.119891   -0.000706   -27.736            1 67543.207
 299      1.119367   -0.000523   -27.779            1 67597.788
 300      1.118825   -0.000542   -27.837            1 67652.299
 301      1.118462   -0.000363   -27.760            1 67706.698
 302      1.118221   -0.000240   -27.589            1 67761.380
 303      1.117355   -0.000866   -27.893            1 67816.620
 304      1.117020   -0.000335   -27.795            1 67871.025
 305      1.116511   -0.000509   -27.829            1 67925.776
 306      1.116181   -0.000331   -27.728            1 67980.484
 307      1.115513   -0.000667   -27.882            1 68035.548
 308      1.115286   -0.000227   -27.703            1 68090.212
 309      1.114685   -0.000601   -27.807            1 68145.467
 310      1.114489   -0.000196   -27.603            1 68200.469
 311      1.114044   -0.000445   -27.588            1 68256.137
 312      1.113572   -0.000473   -27.595            1 68311.908
 313      1.113426   -0.000146   -27.352            1 68367.719
 314      1.112931   -0.000495   -27.375            1 68424.322
 315      1.112559   -0.000371   -27.303            1 68480.918
 316      1.111988   -0.000571   -27.384            1 68537.793
 317      1.111657   -0.000331   -27.282            1 68594.483
 318      1.111178   -0.000479   -27.293            1 68651.544
 319      1.110096   -0.001082   -27.767            1 68708.636
 320      1.109880   -0.000216   -27.579            1 68764.341
 321      1.109146   -0.000734   -27.787            1 68820.679
 322      1.108986   -0.000160   -27.556            1 68876.437
 323      1.108589   -0.000396   -27.506            1 68932.962
 324      1.107840   -0.000750   -27.727            1 68989.702
 325      1.107456   -0.000383   -27.668            1 69045.818
 326      1.107219   -0.000238   -27.497            1 69102.175
 327      1.106882   -0.000336   -27.400            1 69159.123
 328      1.105876   -0.001006   -27.820            1 69216.433
 329      1.105528   -0.000349   -27.735            1 69272.493
 330      1.104854   -0.000673   -27.900            1 69328.875
 331      1.104511   -0.000344   -27.812            1 69384.798
 332      1.103956   -0.000555   -27.887            1 69441.053
 333      1.103675   -0.000280   -27.750            1 69497.130
 334      1.103173   -0.000503   -27.785            1 69553.694
 335      1.102775   -0.000398   -27.739            1 69610.207
 336      1.102352   -0.000423   -27.712            1 69666.923
 337      1.101648   -0.000704   -27.902            1 69723.783
 338      1.101204   -0.000443   -27.892            1 69780.092
 339      1.100824   -0.000381   -27.834            1 69836.490
 340      1.100340   -0.000484   -27.855            1 69893.130
 341      1.099912   -0.000428   -27.834            1 69949.760
 342      1.099369   -0.000543   -27.902            1 70006.514
 343      1.099128   -0.000241   -27.736            1 70063.106
 344      1.098728   -0.000400   -27.692            1 70120.291
 345      1.097808   -0.000919   -28.053            1 70177.674
 346      1.097677   -0.000131   -27.802            1 70233.945
 347      1.097475   -0.000203   -27.605            1 70291.087
 348      1.096119   -0.001356   -28.307            1 70348.928
 349      1.095897   -0.000221   -28.128            1 70404.534
 350      1.095569   -0.000328   -28.031            1 70460.777
 351      1.095134   -0.000436   -28.018            1 70517.391
 352      1.094779   -0.000355   -27.942            1 70574.102
 353      1.094277   -0.000502   -27.981            1 70631.119
 354      1.093871   -0.000405   -27.944            1 70688.062
 355      1.093550   -0.000322   -27.842            1 70745.182
 356      1.092683   -0.000866   -28.166            1 70802.696
 357      1.092227   -0.000456   -28.171            1 70859.187
 358      1.091672   -0.000555   -28.253            1 70915.714
 359      1.091252   -0.000420   -28.230            1 70972.019
 360      1.091166   -0.000086   -27.945            1 71028.451
 361      1.090699   -0.000467   -27.958            1 71085.893
 362      1.089999   -0.000699   -28.154            1 71143.346
 363      1.089802   -0.000197   -27.956            1 71200.193
 364      1.089243   -0.000559   -28.041            1 71257.763
 365      1.088762   -0.000481   -28.066            1 71315.096
 366      1.088303   -0.000459   -28.074            1 71372.399
 367      1.087395   -0.000908   -28.436            1 71429.728
 368      1.087211   -0.000184   -28.230            1 71485.872
 369      1.086935   -0.000276   -28.095            1 71542.773
 370      1.086364   -0.000570   -28.192            1 71600.188
 371      1.086049   -0.000315   -28.088            1 71657.322
 372      1.085573   -0.000476   -28.110            1 71714.867
 373      1.085199   -0.000374   -28.052            1 71772.386
 374      1.084630   -0.000569   -28.148            1 71830.159
 375      1.084399   -0.000231   -27.978            1 71887.650
 376      1.083957   -0.000443   -27.974            1 71945.789
 377      1.083434   -0.000523   -28.034            1 72003.996
 378      1.082972   -0.000462   -28.046            1 72062.045
 379      1.082080   -0.000892   -28.400            1 72120.104
 380      1.081876   -0.000204   -28.209            1 72176.970
 381      1.081725   -0.000151   -27.976            1 72234.557
 382      1.081030   -0.000695   -28.174            1 72293.021
 383      1.080661   -0.000369   -28.114            1 72350.837
 384      1.080119   -0.000542   -28.191            1 72408.917
 385      1.079400   -0.000719   -28.410            1 72466.774
 386      1.078685   -0.000715   -28.627            1 72523.899
 387      1.078326   -0.000360   -28.562            1 72580.298
 388      1.078120   -0.000206   -28.375            1 72636.972
 389      1.077846   -0.000273   -28.240            1 72694.366
 390      1.077433   -0.000413   -28.217            1 72752.292
 391      1.077000   -0.000433   -28.209            1 72810.353
 392      1.076480   -0.000520   -28.271            1 72868.492
 393      1.075514   -0.000966   -28.690            1 72926.456
 394      1.075201   -0.000313   -28.590            1 72982.944
 395      1.074968   -0.000232   -28.424            1 73039.842
 396      1.074404   -0.000565   -28.524            1 73097.388
 397      1.074213   -0.000190   -28.325            1 73154.617
 398      1.073529   -0.000684   -28.520            1 73212.624
 399      1.073328   -0.000201   -28.329            1 73269.959
 400      1.073205   -0.000124   -28.075            1 73328.045
 401      1.072922   -0.000282   -27.947            1 73387.120
 402      1.072045   -0.000877   -28.297            1 73446.721
 403      1.071326   -0.000719   -28.522            1 73505.071
 404      1.070884   -0.000442   -28.525            1 73562.631
 405      1.070391   -0.000493   -28.569            1 73620.224
 406      1.070157   -0.000234   -28.406            1 73677.695
 407      1.069563   -0.000595   -28.532            1 73735.824
 408      1.069212   -0.000351   -28.462            1 73793.523
 409      1.068445   -0.000767   -28.729            1 73851.530
 410      1.068325   -0.000120   -28.474            1 73908.574
 411      1.067643   -0.000682   -28.672            1 73966.626
 412      1.066934   -0.000709   -28.893            1 74023.970
 413      1.066642   -0.000293   -28.779            1 74080.515
 414      1.066190   -0.000451   -28.793            1 74137.533
 415      1.065759   -0.000431   -28.791            1 74194.537
 416      1.065399   -0.000360   -28.731            1 74251.589
 417      1.065295   -0.000105   -28.465            1 74308.912
 418      1.064521   -0.000773   -28.738            1 74367.304
 419      1.064284   -0.000237   -28.580            1 74424.680
 420      1.064068   -0.000216   -28.402            1 74482.712
 421      1.063386   -0.000682   -28.603            1 74541.475
 422      1.062986   -0.000400   -28.576            1 74599.502
 423      1.062647   -0.000339   -28.499            1 74657.676
 424      1.062168   -0.000479   -28.535            1 74716.192
 425      1.061634   -0.000534   -28.617            1 74774.610
 426      1.060723   -0.000911   -29.006            1 74832.748
 427      1.060281   -0.000442   -29.016            1 74889.393
 428      1.060085   -0.000197   -28.826            1 74946.035
 429      1.059700   -0.000385   -28.788            1 75003.463
 430      1.059594   -0.000106   -28.523            1 75061.076
 431      1.059115   -0.000479   -28.561            1 75119.785
 432      1.058251   -0.000864   -28.914            1 75178.382
 433      1.058193   -0.000058   -28.611            1 75235.609
 434      1.057752   -0.000441   -28.618            1 75294.089
 435      1.057455   -0.000297   -28.509            1 75352.577
 436      1.057416   -0.000040   -28.188            1 75411.548
 437      1.056594   -0.000822   -28.506            1 75471.860
 438      1.055969   -0.000625   -28.665            1 75530.924
 439      1.055497   -0.000472   -28.699            1 75589.382
 440      1.055437   -0.000059   -28.396            1 75647.737
 441      1.054900   -0.000537   -28.483            1 75707.370
 442      1.054240   -0.000660   -28.671            1 75766.688
 443      1.053992   -0.000248   -28.523            1 75825.271
 444      1.053577   -0.000415   -28.510            1 75884.504
 445      1.053208   -0.000369   -28.460            1 75943.828
 446      1.052694   -0.000514   -28.529            1 76003.398
 447      1.052441   -0.000253   -28.384            1 76062.721
 448      1.051977   -0.000465   -28.413            1 76122.688
 449      1.051920   -0.000057   -28.106            1 76182.575
 450      1.051259   -0.000660   -28.294            1 76243.793
 451      1.050570   -0.000690   -28.508            1 76304.260
 452      1.050237   -0.000333   -28.430            1 76363.866
 453      1.049670   -0.000567   -28.544            1 76423.842
 454      1.049616   -0.000054   -28.235            1 76483.374
 455      1.048996   -0.000620   -28.392            1 76544.255
 456      1.048641   -0.000354   -28.331            1 76604.507
 457      1.047974   -0.000667   -28.528            1 76665.059
 458      1.047514   -0.000460   -28.555            1 76724.806
 459      1.047000   -0.000514   -28.628            1 76784.473
 460      1.046638   -0.000363   -28.576            1 76843.865
 461      1.046256   -0.000381   -28.538            1 76903.516
 462      1.045736   -0.000520   -28.616            1 76963.365
 463      1.045648   -0.000088   -28.336            1 77022.910
 464      1.045481   -0.000167   -28.120            1 77083.707
 465      1.045111   -0.000370   -28.071            1 77145.486
 466      1.044475   -0.000636   -28.244            1 77207.521
 467      1.044184   -0.000291   -28.130            1 77268.841
 468      1.043493   -0.000691   -28.349            1 77330.699
 469      1.042908   -0.000585   -28.482            1 77391.631
 470      1.042621   -0.000287   -28.367            1 77452.015
 471      1.042053   -0.000568   -28.485            1 77512.942
 472      1.041435   -0.000619   -28.647            1 77573.379
 473      1.040872   -0.000563   -28.764            1 77633.130
 474      1.040847   -0.000025   -28.432            1 77692.393
 475      1.040415   -0.000432   -28.438            1 77753.169
 476      1.040204   -0.000212   -28.260            1 77813.952
 477      1.039596   -0.000607   -28.412            1 77875.570
 478      1.039460   -0.000136   -28.171            1 77936.536
 479      1.038835   -0.000626   -28.339            1 77998.629
 480      1.038695   -0.000140   -28.101            1 78059.997
 481      1.037875   -0.000820   -28.432            1 78122.485
 482      1.037682   -0.000193   -28.239            1 78183.500
 483      1.036931   -0.000751   -28.512            1 78245.431
 484      1.036673   -0.000258   -28.375            1 78306.141
 485      1.036223   -0.000450   -28.398            1 78367.515
 486      1.035632   -0.000590   -28.539            1 78428.815
 487      1.035021   -0.000612   -28.699            1 78489.495
 488      1.034763   -0.000257   -28.562            1 78549.464
 489      1.034456   -0.000307   -28.467            1 78610.094
 490      1.034054   -0.000402   -28.450            1 78671.198
 491      1.033792   -0.000261   -28.316            1 78732.408
 492      1.033499   -0.000293   -28.207            1 78794.278
 493      1.033029   -0.000471   -28.248            1 78856.691
 494      1.032913   -0.000115   -27.989            1 78918.947
 495      1.032032   -0.000881   -28.375            1 78982.462
 496      1.031843   -0.000190   -28.180            1 79044.180
 497      1.031527   -0.000316   -28.090            1 79106.855
 498      1.030721   -0.000806   -28.414            1 79169.992
 499      1.030507   -0.000214   -28.241            1 79231.612
 500      1.030050   -0.000457   -28.271            1 79294.093
 501      1.029611   -0.000439   -28.287            1 79356.459
 502      1.029302   -0.000309   -28.193            1 79418.779
 503      1.028514   -0.000787   -28.503            1 79481.585
 504      1.028234   -0.000281   -28.387            1 79542.915
 505      1.027533   -0.000701   -28.626            1 79604.837
 506      1.027210   -0.000322   -28.546            1 79665.622
 507      1.026887   -0.000324   -28.466            1 79726.820
 508      1.026033   -0.000854   -28.836            1 79788.432
 509      1.025957   -0.000075   -28.547            1 79848.253
 510      1.025730   -0.000227   -28.386            1 79909.511
 511      1.025177   -0.000554   -28.501            1 79971.587
 512      1.024738   -0.000439   -28.520            1 80033.117
 513      1.024322   -0.000416   -28.520            1 80094.578
 514      1.024055   -0.000267   -28.392            1 80156.062
 515      1.023849   -0.000206   -28.212            1 80218.204
 516      1.023673   -0.000177   -28.006            1 80281.272
 517      1.022993   -0.000679   -28.228            1 80345.404
 518      1.022744   -0.000249   -28.084            1 80408.446
 519      1.022368   -0.000377   -28.048            1 80472.240
 520      1.022110   -0.000258   -27.911            1 80536.244
 521      1.021454   -0.000656   -28.113            1 80600.977
 522      1.021039   -0.000414   -28.110            1 80664.705
 523      1.020593   -0.000446   -28.135            1 80728.475
 524      1.020367   -0.000226   -27.971            1 80792.145
 525      1.019811   -0.000556   -28.090            1 80856.683
 526      1.019400   -0.000411   -28.085            1 80920.635
 527      1.018942   -0.000458   -28.119            1 80984.641
 528      1.018826   -0.000117   -27.862            1 81048.492
 529      1.018512   -0.000314   -27.772            1 81113.707
 530      1.018065   -0.000447   -27.797            1 81179.420
 531      1.017770   -0.000295   -27.690            1 81245.035
 532      1.017094   -0.000676   -27.912            1 81311.240
 533      1.016702   -0.000392   -27.890            1 81376.306
 534      1.016328   -0.000374   -27.853            1 81441.513
 535      1.015355   -0.000973   -28.332            1 81506.942
 536      1.015284   -0.000071   -28.037            1 81569.855
 537      1.014506   -0.000778   -28.350            1 81634.354
 538      1.014214   -0.000291   -28.245            1 81697.206
 539      1.013817   -0.000398   -28.231            1 81760.635
 540      1.013554   -0.000262   -28.101            1 81824.154
 541      1.013216   -0.000338   -28.035            1 81888.392
 542      1.012816   -0.000401   -28.023            1 81953.005
 543      1.012693   -0.000122   -27.770            1 82017.703
 544      1.012268   -0.000426   -27.779            1 82083.796
 545      1.011780   -0.000488   -27.841            1 82149.868
 546      1.011084   -0.000695   -28.084            1 82215.622
 547      1.010725   -0.000359   -28.037            1 82280.066
 548      1.010558   -0.000167   -27.823            1 82344.784
 549      1.010474   -0.000085   -27.537            1 82410.700
 550      1.009457   -0.001016   -28.058            1 82478.226
 551      1.009406   -0.000051   -27.744            1 82542.886
 552      1.008923   -0.000483   -27.803            1 82609.309
 553      1.008630   -0.000293   -27.698            1 82675.421
 554      1.008347   -0.000283   -27.583            1 82742.144
 555      1.007621   -0.000727   -27.854            1 82809.536
 556      1.007098   -0.000522   -27.949            1 82875.423
 557      1.006848   -0.000251   -27.808            1 82940.790
 558      1.006725   -0.000123   -27.555            1 83006.971
 559      1.006402   -0.000323   -27.475            1 83074.611
 560      1.005934   -0.000468   -27.522            1 83142.731
 561      1.005234   -0.000699   -27.770            1 83210.608
 562      1.005058   -0.000176   -27.564            1 83277.081
 563      1.004747   -0.000311   -27.473            1 83344.761
 564      1.004431   -0.000317   -27.388            1 83412.984
 565      1.003843   -0.000587   -27.539            1 83481.726
 566      1.003182   -0.000662   -27.756            1 83549.612
 567      1.002931   -0.000251   -27.615            1 83616.251
 568      1.002445   -0.000486   -27.680            1 83683.730
 569      1.002166   -0.000279   -27.563            1 83750.847
 570      1.001792   -0.000373   -27.529            1 83818.667
 571      1.000804   -0.000989   -28.034            1 83886.707
 572      1.000612   -0.000192   -27.843            1 83951.777
 573      1.000489   -0.000123   -27.591            1 84017.983
 574      1.000041   -0.000448   -27.623            1 84085.695
 575      0.999739   -0.000302   -27.527            1 84153.234
 576      0.999511   -0.000227   -27.365            1 84221.360
 577      0.999126   -0.000385   -27.341            1 84290.478
 578      0.998836   -0.000290   -27.233            1 84359.761
 579      0.998415   -0.000421   -27.240            1 84429.715
 580      0.998029   -0.000386   -27.216            1 84499.649
 581      0.997967   -0.000062   -26.906            1 84569.751
 582      0.997230   -0.000737   -27.190            1 84641.770
 583      0.997003   -0.000227   -27.026            1 84712.071
 584      0.996558   -0.000445   -27.053            1 84783.405
 585      0.996405   -0.000153   -26.824            1 84854.591
 586      0.995609   -0.000795   -27.160            1 84927.226
 587      0.995500   -0.000109   -26.892            1 84997.794
 588      0.995056   -0.000443   -26.918            1 85070.055
 589      0.994906   -0.000151   -26.685            1 85142.177
 590      0.993796   -0.001109   -27.300            1 85215.790
 591      0.993362   -0.000434   -27.321            1 85285.553
 592      0.993138   -0.000224   -27.156            1 85355.196
 593      0.992745   -0.000392   -27.139            1 85425.893
 594      0.992475   -0.000270   -27.014            1 85496.712
 595      0.991851   -0.000624   -27.202            1 85568.344
 596      0.991688   -0.000164   -26.983            1 85638.789
 597      0.991134   -0.000553   -27.109            1 85710.652
 598      0.990753   -0.000381   -27.083            1 85781.723
 599      0.990214   -0.000540   -27.197            1 85852.975
 600      0.989898   -0.000316   -27.114            1 85923.497
 601      0.989451   -0.000447   -27.146            1 85994.573
 602      0.989037   -0.000414   -27.150            1 86065.447
 603      0.988540   -0.000497   -27.228            1 86136.304
 604      0.988369   -0.000172   -27.016            1 86206.661
 605      0.988317   -0.000052   -26.697            1 86278.415
 606      0.988001   -0.000315   -26.610            1 86352.292
 607      0.987126   -0.000875   -27.024            1 86426.763
 608      0.986901   -0.000224   -26.858            1 86498.503
 609      0.986430   -0.000472   -26.913            1 86571.355
 610      0.986269   -0.000161   -26.690            1 86643.851
 611      0.985034   -0.001235   -27.427            1 86717.858
 612      0.984691   -0.000344   -27.372            1 86786.924
 613      0.984402   -0.000289   -27.267            1 86856.358
 614      0.984219   -0.000182   -27.066            1 86926.494
 615      0.983847   -0.000373   -27.034            1 86997.992
 616      0.983457   -0.000390   -27.018            1 87069.710
 617      0.983396   -0.000061   -26.706            1 87141.540
 618      0.983002   -0.000394   -26.692            1 87215.514
 619      0.982606   -0.000396   -26.680            1 87289.596
 620      0.982446   -0.000160   -26.455            1 87363.772
 621      0.981961   -0.000485   -26.522            1 87439.522
 622      0.981639   -0.000322   -26.442            1 87514.826
 623      0.981190   -0.000449   -26.476            1 87590.699
 624      0.980925   -0.000265   -26.345            1 87666.348
 625      0.980026   -0.000900   -26.785            1 87742.939
 626      0.979521   -0.000504   -26.872            1 87816.434
 627      0.978910   -0.000611   -27.056            1 87889.317
 628      0.978776   -0.000134   -26.811            1 87960.895
 629      0.978548   -0.000228   -26.650            1 88034.208
 630      0.978166   -0.000382   -26.626            1 88108.675
 631      0.977561   -0.000605   -26.804            1 88183.316
 632      0.976971   -0.000590   -26.970            1 88256.681
 633      0.976854   -0.000117   -26.709            1 88328.849
 634      0.976837   -0.000017   -26.356            1 88402.894
 635      0.976112   -0.000725   -26.642            1 88479.503
 636      0.975762   -0.000350   -26.590            1 88554.033
 637      0.975274   -0.000488   -26.664            1 88628.941
 638      0.975002   -0.000271   -26.541            1 88703.310
 639      0.974483   -0.000519   -26.643            1 88778.577
 640      0.973928   -0.000554   -26.777            1 88853.094
 641      0.973490   -0.000438   -26.807            1 88926.610
 642      0.973062   -0.000429   -26.829            1 88999.893
 643      0.972858   -0.000203   -26.646            1 89073.004
 644      0.972559   -0.000299   -26.549            1 89147.468
 645      0.972267   -0.000292   -26.445            1 89222.652
 646      0.971352   -0.000915   -26.909            1 89298.614
 647      0.970965   -0.000386   -26.894            1 89371.074
 648      0.970829   -0.000136   -26.650            1 89443.628
 649      0.970623   -0.000206   -26.469            1 89518.010
 650      0.970242   -0.000382   -26.447            1 89593.764
 651      0.969632   -0.000609   -26.633            1 89669.680
 652      0.969480   -0.000153   -26.403            1 89744.159
 653      0.969264   -0.000216   -26.229            1 89820.395
 654      0.968889   -0.000375   -26.200            1 89897.972
 655      0.968339   -0.000550   -26.331            1 89975.771
 656      0.967529   -0.000810   -26.701            1 90052.547
 657      0.967268   -0.000262   -26.572            1 90126.421
 658      0.966735   -0.000533   -26.690            1 90201.285
 659      0.966652   -0.000083   -26.396            1 90275.201
 660      0.966437   -0.000216   -26.223            1 90351.408
 661      0.965612   -0.000825   -26.608            1 90428.975
 662      0.965230   -0.000382   -26.589            1 90503.474
 663      0.965014   -0.000215   -26.417            1 90578.097
 664      0.964583   -0.000431   -26.442            1 90654.070
 665      0.964314   -0.000270   -26.319            1 90729.823
 666      0.963709   -0.000604   -26.503            1 90806.543
 667      0.963420   -0.000290   -26.400            1 90881.756
 668      0.963235   -0.000185   -26.199            1 90957.786
 669      0.962497   -0.000737   -26.506            1 91035.429
 670      0.962440   -0.000058   -26.188            1 91110.547
 671      0.962332   -0.000108   -25.914            1 91188.240
 672      0.961763   -0.000569   -26.065            1 91268.173
 673      0.961391   -0.000372   -26.035            1 91346.848
 674      0.961271   -0.000120   -25.772            1 91425.755
 675      0.960962   -0.000309   -25.681            1 91506.843
 676      0.960055   -0.000907   -26.143            1 91588.682
 677      0.959763   -0.000292   -26.041            1 91666.629
 678      0.959381   -0.000382   -26.020            1 91745.416
 679      0.959322   -0.000058   -25.700            1 91824.355
 680      0.958905   -0.000418   -25.711            1 91905.994
 681      0.958072   -0.000832   -26.106            1 91987.531
 682      0.957967   -0.000106   -25.830            1 92065.673
 683      0.957301   -0.000665   -26.072            1 92146.151
 684      0.956946   -0.000356   -26.028            1 92224.526
 685      0.956403   -0.000543   -26.159            1 92303.248
 686      0.956045   -0.000358   -26.118            1 92380.812
 687      0.955944   -0.000101   -25.838            1 92458.695
 688      0.955596   -0.000349   -25.786            1 92538.987
 689      0.955214   -0.000382   -25.766            1 92619.703
 690      0.954893   -0.000321   -25.688            1 92700.579
 691      0.954417   -0.000476   -25.755            1 92782.110
 692      0.954105   -0.000312   -25.670            1 92863.026
 693      0.953425   -0.000680   -25.927            1 92944.673
 694      0.953025   -0.000400   -25.925            1 93023.999
 695      0.952857   -0.000168   -25.706            1 93103.304
 696      0.952618   -0.000239   -25.553            1 93184.538
 697      0.952214   -0.000404   -25.552            1 93267.125
 698      0.951484   -0.000730   -25.857            1 93349.693
 699      0.951069   -0.000415   -25.869            1 93429.464
 700      0.950585   -0.000484   -25.947            1 93509.077
 701      0.950240   -0.000346   -25.895            1 93587.941
 702      0.949873   -0.000367   -25.864            1 93667.229
 703      0.949502   -0.000371   -25.836            1 93746.759
 704      0.949378   -0.000123   -25.575            1 93826.502
 705      0.949068   -0.000310   -25.488            1 93908.616
 706      0.948866   -0.000203   -25.300            1 93991.504
 707      0.948292   -0.000573   -25.459            1 94076.125
 708      0.947982   -0.000310   -25.371            1 94159.222
 709      0.947790   -0.000193   -25.173            1 94243.110
 710      0.947211   -0.000578   -25.336            1 94328.849
 711      0.947047   -0.000164   -25.111            1 94413.007
 712      0.946713   -0.000334   -25.044            1 94499.284
 713      0.946488   -0.000225   -24.873            1 94586.179
 714      0.945273   -0.001215   -25.635            1 94674.696
 715      0.944967   -0.000306   -25.546            1 94755.817
 716      0.944619   -0.000347   -25.495            1 94837.745
 717      0.943856   -0.000764   -25.837            1 94920.111
 718      0.943791   -0.000064   -25.522            1 94999.091
 719      0.943630   -0.000161   -25.296            1 95081.082
 720      0.943341   -0.000289   -25.189            1 95165.240
 721      0.943273   -0.000068   -24.873            1 95250.407
 722      0.942689   -0.000584   -25.041            1 95338.684
 723      0.942168   -0.000521   -25.152            1 95425.243
 724      0.941354   -0.000814   -25.541            1 95510.648
 725      0.941026   -0.000329   -25.474            1 95592.102
 726      0.940900   -0.000125   -25.214            1 95674.159
 727      0.940770   -0.000130   -24.957            1 95758.778
 728      0.940432   -0.000338   -24.895            1 95845.962
 729      0.940041   -0.000391   -24.882            1 95933.733
 730      0.939723   -0.000318   -24.801            1 96021.588
 731      0.939235   -0.000487   -24.880            1 96110.235
 732      0.938835   -0.000400   -24.877            1 96198.022
 733      0.938417   -0.000419   -24.891            1 96285.793
 734      0.938162   -0.000255   -24.750            1 96373.362
 735      0.937808   -0.000353   -24.702            1 96462.354
 736      0.936968   -0.000840   -25.117            1 96551.809
 737      0.936712   -0.000257   -24.980            1 96636.840
 738      0.936329   -0.000383   -24.962            1 96723.251
 739      0.936155   -0.000174   -24.745            1 96809.785
 740      0.936020   -0.000136   -24.490            1 96898.574
 741      0.935400   -0.000619   -24.694            1 96990.047
 742      0.934918   -0.000483   -24.770            1 97079.270
 743      0.934609   -0.000309   -24.681            1 97167.616
 744      0.934295   -0.000314   -24.595            1 97256.866
 745      0.933708   -0.000587   -24.771            1 97346.987
 746      0.933411   -0.000297   -24.671            1 97435.126
 747      0.933275   -0.000135   -24.415            1 97524.297
 748      0.932949   -0.000326   -24.340            1 97616.225
 749      0.932396   -0.000553   -24.482            1 97708.934
 750      0.931943   -0.000453   -24.529            1 97800.008
 751      0.931553   -0.000391   -24.517            1 97890.489
 752      0.931303   -0.000249   -24.370            1 97981.036
 753      0.930921   -0.000383   -24.350            1 98073.176
 754      0.930369   -0.000552   -24.492            1 98165.487
 755      0.930072   -0.000297   -24.390            1 98256.121
 756      0.929668   -0.000404   -24.391            1 98347.838
 757      0.929629   -0.000039   -24.041            1 98439.477
 758      0.928929   -0.000701   -24.324            1 98535.086
 759      0.928464   -0.000465   -24.384            1 98627.356
 760      0.928356   -0.000107   -24.099            1 98718.862
 761      0.927744   -0.000612   -24.299            1 98813.609
 762      0.927655   -0.000089   -23.997            1 98905.950
 763      0.927395   -0.000260   -23.857            1 99001.772
 764      0.926927   -0.000468   -23.916            1 99099.196
 765      0.926409   -0.000519   -24.026            1 99195.855
 766      0.925990   -0.000419   -24.039            1 99291.150
 767      0.925765   -0.000225   -23.866            1 99386.209
 768      0.925464   -0.000301   -23.766            1 99483.281
 769      0.925177   -0.000287   -23.650            1 99581.506
 770      0.924717   -0.000460   -23.701            1 99681.076
 771      0.923912   -0.000805   -24.087            1 99779.961
 772      0.923771   -0.000141   -23.834            1 99874.061
 773      0.923564   -0.000208   -23.643            1 99971.187
 774      0.922877   -0.000686   -23.914            1 100070.603
 775      0.922755   -0.000122   -23.641            1 100166.584
 776      0.922680   -0.000075   -23.319            1 100265.886
 777      0.921650   -0.001031   -23.924            1 100369.154
 778      0.921531   -0.000118   -23.648            1 100464.760
 779      0.921078   -0.000453   -23.694            1 100563.763
 780      0.920626   -0.000452   -23.740            1 100662.103
 781      0.920451   -0.000176   -23.518            1 100759.772
 782      0.920171   -0.000280   -23.395            1 100860.194
 783      0.919563   -0.000607   -23.591            1 100962.120
 784      0.919439   -0.000125   -23.318            1 101061.450
 785      0.918791   -0.000648   -23.553            1 101164.236
 786      0.918722   -0.000069   -23.225            1 101263.890
 787      0.918289   -0.000432   -23.250            1 101367.743
 788      0.918053   -0.000236   -23.082            1 101471.207
 789      0.917597   -0.000456   -23.130            1 101576.811
 790      0.917024   -0.000573   -23.291            1 101681.724
 791      0.916526   -0.000498   -23.381            1 101784.411
 792      0.916321   -0.000206   -23.186            1 101885.814
 793      0.915831   -0.000490   -23.267            1 101989.746
 794      0.915449   -0.000382   -23.244            1 102092.493
 795      0.915178   -0.000271   -23.112            1 102195.468
 796      0.914753   -0.000425   -23.129            1 102300.153
 797      0.914408   -0.000346   -23.070            1 102404.510
 798      0.914288   -0.000119   -22.788            1 102509.595
 799      0.913328   -0.000960   -23.330            1 102618.507
 800      0.913127   -0.000201   -23.130            1 102719.816
 801      0.913100   -0.000026   -22.757            1 102823.789
 802      0.912531   -0.000569   -22.915            1 102932.896
 803      0.912271   -0.000260   -22.770            1 103039.700
 804      0.912115   -0.000156   -22.521            1 103148.463
 805      0.911618   -0.000498   -22.607            1 103260.697
 806      0.911065   -0.000553   -22.749            1 103371.631
 807      0.910596   -0.000469   -22.809            1 103480.452
 808      0.910405   -0.000192   -22.597            1 103588.312
 809      0.910032   -0.000373   -22.561            1 103699.159
 810      0.909366   -0.000666   -22.815            1 103810.443
 811      0.909043   -0.000323   -22.733            1 103917.920
 812      0.908599   -0.000443   -22.769            1 104026.494
 813      0.908537   -0.000062   -22.428            1 104134.430
 814      0.908209   -0.000328   -22.348            1 104247.318
 815      0.907447   -0.000762   -22.697            1 104361.328
 816      0.907028   -0.000418   -22.709            1 104470.014
 817      0.906741   -0.000287   -22.591            1 104578.406
 818      0.906467   -0.000274   -22.459            1 104688.459
 819      0.906091   -0.000376   -22.427            1 104800.408
 820      0.905526   -0.000565   -22.582            1 104912.734
 821      0.905238   -0.000288   -22.464            1 105022.566
 822      0.904651   -0.000587   -22.643            1 105134.093
 823      0.904020   -0.000631   -22.868            1 105242.732
 824      0.903932   -0.000088   -22.554            1 105347.745
 825      0.903572   -0.000360   -22.508            1 105457.491
 826      0.903262   -0.000310   -22.412            1 105567.824
 827      0.902974   -0.000288   -22.294            1 105679.534
 828      0.902278   -0.000696   -22.581            1 105792.995
 829      0.901870   -0.000407   -22.584            1 105901.749
 830      0.901347   -0.000523   -22.702            1 106010.312
 831      0.901035   -0.000312   -22.611            1 106116.815
 832      0.900882   -0.000152   -22.360            1 106224.612
 833      0.900664   -0.000219   -22.172            1 106336.317
 834      0.900101   -0.000563   -22.327            1 106450.937
 835      0.899632   -0.000469   -22.390            1 106562.871
 836      0.899371   -0.000260   -22.245            1 106673.612
 837      0.899152   -0.000220   -22.058            1 106786.595
 838      0.899082   -0.000069   -21.718            1 106902.541
 839      0.898697   -0.000386   -21.692            1 107024.057
 840      0.898191   -0.000505   -21.786            1 107145.894
 841      0.898118   -0.000074   -21.449            1 107266.014
 842      0.897301   -0.000816   -21.853            1 107391.783
 843      0.897087   -0.000214   -21.658            1 107510.495
 844      0.896517   -0.000570   -21.818            1 107632.440
 845      0.896028   -0.000489   -21.898            1 107751.484
 846      0.895575   -0.000453   -21.943            1 107868.987
 847      0.895189   -0.000387   -21.922            1 107985.542
 848      0.895001   -0.000188   -21.700            1 108102.293
 849      0.894774   -0.000227   -21.516            1 108222.774
 850      0.894032   -0.000743   -21.851            1 108346.377
 851      0.893834   -0.000198   -21.639            1 108463.866
 852      0.893434   -0.000400   -21.629            1 108584.964
 853      0.892992   -0.000442   -21.663            1 108706.077
 854      0.892517   -0.000474   -21.729            1 108826.418
 855      0.892192   -0.000326   -21.646            1 108945.377
 856      0.891881   -0.000310   -21.547            1 109065.666
 857      0.891564   -0.000317   -21.454            1 109187.596
 858      0.891445   -0.000119   -21.159            1 109311.070
 859      0.890879   -0.000566   -21.314            1 109439.879
 860      0.890400   -0.000479   -21.383            1 109565.634
 861      0.890295   -0.000105   -21.073            1 109689.917
 862      0.889647   -0.000648   -21.312            1 109819.889
 863      0.889191   -0.000456   -21.358            1 109945.168
 864      0.888733   -0.000458   -21.407            1 110069.377
 865      0.888599   -0.000133   -21.127            1 110192.449
 866      0.888118   -0.000482   -21.198            1 110320.730
 867      0.887858   -0.000260   -21.045            1 110447.451
 868      0.887694   -0.000164   -20.792            1 110576.983
 869      0.887317   -0.000376   -20.754            1 110711.317
 870      0.887191   -0.000127   -20.460            1 110846.269
 871      0.886468   -0.000722   -20.771            1 110986.944
 872      0.885855   -0.000613   -20.974            1 111121.245
 873      0.885368   -0.000486   -21.051            1 111251.283
 874      0.885076   -0.000292   -20.929            1 111379.582
 875      0.884869   -0.000207   -20.721            1 111510.132
 876      0.884339   -0.000531   -20.840            1 111644.754
 877      0.884110   -0.000229   -20.652            1 111776.733
 878      0.883848   -0.000261   -20.496            1 111912.394
 879      0.883386   -0.000462   -20.544            1 112051.129
 880      0.882884   -0.000503   -20.634            1 112188.692
 881      0.882492   -0.000392   -20.612            1 112324.173
 882      0.882300   -0.000192   -20.384            1 112459.926
 883      0.881713   -0.000587   -20.560            1 112600.323
 884      0.881313   -0.000400   -20.546            1 112736.764
 885      0.881139   -0.000174   -20.300            1 112873.294
 886      0.881069   -0.000070   -19.944            1 113014.953
 887      0.880683   -0.000386   -19.909            1 113164.221
 888      0.879806   -0.000877   -20.380            1 113314.118
 889      0.879739   -0.000067   -20.022            1 113453.444
 890      0.879179   -0.000560   -20.168            1 113600.518
 891      0.878864   -0.000316   -20.065            1 113744.146
 892      0.878476   -0.000388   -20.034            1 113889.910
 893      0.878153   -0.000323   -19.937            1 114036.172
 894      0.878025   -0.000128   -19.638            1 114184.449
 895      0.877843   -0.000182   -19.391            1 114339.425
 896      0.877018   -0.000824   -19.805            1 114499.991
 897      0.876611   -0.000407   -19.793            1 114650.790
 898      0.876243   -0.000368   -19.741            1 114801.677
 899      0.875927   -0.000316   -19.634            1 114953.602
 900      0.875620   -0.000307   -19.517            1 115107.870
 901      0.874976   -0.000645   -19.749            1 115264.753
 902      0.874871   -0.000105   -19.423            1 115415.915
 903      0.874195   -0.000675   -19.687            1 115574.702
 904      0.873639   -0.000556   -19.830            1 115726.932
 905      0.873007   -0.000632   -20.054            1 115875.455
 906      0.872866   -0.000141   -19.770            1 116018.263
 907      0.872388   -0.000478   -19.834            1 116167.746
 908      0.872066   -0.000322   -19.736            1 116315.395
 909      0.871929   -0.000137   -19.444            1 116465.201
 910      0.871241   -0.000688   -19.723            1 116622.041
 911      0.871024   -0.000217   -19.515            1 116771.615
 912      0.870471   -0.000553   -19.656            1 116926.183
 913      0.869960   -0.000511   -19.755            1 117076.904
 914      0.869384   -0.000575   -19.922            1 117224.805
 915      0.869184   -0.000201   -19.699            1 117368.091
 916      0.868939   -0.000245   -19.521            1 117516.773
 917      0.868471   -0.000468   -19.573            1 117669.782
 918      0.868223   -0.000248   -19.397            1 117821.110
 919      0.868149   -0.000074   -19.036            1 117976.789
 920      0.867409   -0.000740   -19.369            1 118141.802
 921      0.867025   -0.000384   -19.333            1 118297.631
 922      0.866770   -0.000255   -19.161            1 118454.115
 923      0.866325   -0.000445   -19.187            1 118614.955
 924      0.865900   -0.000426   -19.194            1 118774.786
 925      0.865478   -0.000421   -19.196            1 118934.131
 926      0.865004   -0.000475   -19.254            1 119093.098
 927      0.864620   -0.000384   -19.218            1 119250.108
 928      0.863706   -0.000914   -19.739            1 119407.782
 929      0.863653   -0.000053   -19.362            1 119550.461
 930      0.863377   -0.000276   -19.213            1 119703.322
 931      0.862674   -0.000703   -19.514            1 119860.000
 932      0.862618   -0.000056   -19.137            1 120007.677
 933      0.862245   -0.000373   -19.089            1 120165.767
 934      0.861954   -0.000290   -18.954            1 120324.845
 935      0.861521   -0.000433   -18.968            1 120487.500
 936      0.861391   -0.000130   -18.662            1 120649.367
 937      0.860556   -0.000835   -19.098            1 120819.947
 938      0.860168   -0.000388   -19.066            1 120977.145
 939      0.859701   -0.000468   -19.119            1 121134.842
 940      0.859474   -0.000227   -18.917            1 121290.493
 941      0.859204   -0.000270   -18.759            1 121451.797
 942      0.858782   -0.000422   -18.761            1 121617.506
 943      0.858153   -0.000628   -18.981            1 121782.745
 944      0.857941   -0.000212   -18.763            1 121940.699
 945      0.857487   -0.000454   -18.800            1 122104.968
 946      0.857124   -0.000363   -18.740            1 122267.629
 947      0.856734   -0.000390   -18.708            1 122431.698
 948      0.856579   -0.000155   -18.426            1 122596.300
 949      0.855888   -0.000692   -18.712            1 122769.494
 950      0.855743   -0.000145   -18.419            1 122932.998
 951      0.855257   -0.000486   -18.487            1 123105.522
 952      0.854993   -0.000264   -18.318            1 123275.372
 953      0.854543   -0.000450   -18.346            1 123450.301
 954      0.853914   -0.000629   -18.566            1 123623.839
 955      0.853522   -0.000392   -18.536            1 123789.521
 956      0.853305   -0.000217   -18.319            1 123955.649
 957      0.852719   -0.000586   -18.494            1 124128.591
 958      0.852349   -0.000370   -18.440            1 124295.037
 959      0.852191   -0.000158   -18.159            1 124462.738
 960      0.851945   -0.000246   -17.968            1 124639.618
 961      0.851458   -0.000488   -18.034            1 124822.667
 962      0.850803   -0.000654   -18.279            1 125002.901
 963      0.850634   -0.000170   -18.009            1 125173.887
 964      0.849982   -0.000651   -18.252            1 125353.925
 965      0.849759   -0.000224   -18.039            1 125524.670
 966      0.849319   -0.000439   -18.056            1 125702.480
 967      0.849077   -0.000242   -17.861            1 125879.094
 968      0.848565   -0.000512   -17.953            1 126062.285
 969      0.848160   -0.000405   -17.932            1 126241.471
 970      0.847766   -0.000394   -17.899            1 126420.810
 971      0.847664   -0.000103   -17.552            1 126600.758
 972      0.846948   -0.000716   -17.861            1 126793.242
 973      0.846558   -0.000390   -17.824            1 126973.361
 974      0.846055   -0.000502   -17.907            1 127154.238
 975      0.845676   -0.000380   -17.860            1 127331.205
 976      0.845497   -0.000179   -17.595            1 127509.297
 977      0.845121   -0.000375   -17.539            1 127697.062
 978      0.844757   -0.000364   -17.470            1 127886.392
 979      0.844517   -0.000241   -17.267            1 128077.821
 980      0.844029   -0.000488   -17.329            1 128276.790
 981      0.843748   -0.000281   -17.167            1 128472.643
 982      0.843387   -0.000361   -17.091            1 128674.477
 983      0.843316   -0.000071   -16.700            1 128878.854
 984      0.842812   -0.000504   -16.772            1 129099.060
 985      0.842545   -0.000267   -16.588            1 129315.728
 986      0.842070   -0.000475   -16.627            1 129539.734
 987      0.841534   -0.000537   -16.734            1 129761.578
 988      0.841131   -0.000403   -16.697            1 129978.251
 989      0.840795   -0.000337   -16.589            1 130195.930
 990      0.840372   -0.000422   -16.572            1 130417.801
 991      0.839937   -0.000435   -16.570            1 130639.844
 992      0.839015   -0.000922   -17.098            1 130861.410
 993      0.838820   -0.000195   -16.842            1 131058.644
 994      0.838412   -0.000408   -16.815            1 131266.575
 995      0.838193   -0.000219   -16.582            1 131474.956
 996      0.837747   -0.000446   -16.592            1 131693.302
 997      0.837482   -0.000265   -16.406            1 131910.438
 998      0.836939   -0.000543   -16.521            1 132135.576
 999      0.836353   -0.000586   -16.684            1 132354.597
1000      0.836005   -0.000348   -16.590            1 132565.066
1001      0.835610   -0.000395   -16.546            1 132779.168
1002      0.835355   -0.000256   -16.350            1 132994.526
1003      0.835018   -0.000336   -16.239            1 133218.605
1004      0.834665   -0.000354   -16.146            1 133447.356
1005      0.834070   -0.000594   -16.315            1 133679.999
1006      0.833643   -0.000427   -16.304            1 133903.371
1007      0.833397   -0.000247   -16.094            1 134126.445
1008      0.832945   -0.000452   -16.107            1 134359.305
1009      0.832806   -0.000138   -15.776            1 134590.671
1010      0.832443   -0.000363   -15.687            1 134838.439
1011      0.832204   -0.000239   -15.460            1 135090.182
1012      0.831753   -0.000451   -15.463            1 135353.341
1013      0.831719   -0.000034   -15.006            1 135615.730
1014      0.830948   -0.000771   -15.355            1 135902.423
1015      0.830425   -0.000523   -15.437            1 136169.446
1016      0.829982   -0.000443   -15.432            1 136431.293
1017      0.829756   -0.000227   -15.188            1 136692.682
1018      0.828705   -0.001051   -15.852            1 136967.076
1019      0.828509   -0.000195   -15.581            1 137203.143
1020      0.828153   -0.000357   -15.484            1 137453.576
1021      0.827654   -0.000498   -15.543            1 137708.631
1022      0.827099   -0.000555   -15.667            1 137959.321
1023      0.826902   -0.000197   -15.395            1 138201.776
1024      0.826161   -0.000740   -15.722            1 138459.155
1025      0.825947   -0.000214   -15.471            1 138696.023
1026      0.825693   -0.000255   -15.260            1 138946.768
1027      0.825447   -0.000246   -15.036            1 139209.203
1028      0.824445   -0.001002   -15.650            1 139484.416
1029      0.824281   -0.000164   -15.342            1 139720.622
1030      0.823781   -0.000500   -15.403            1 139974.646
1031      0.823715   -0.000066   -14.982            1 140223.592
1032      0.823278   -0.000437   -14.967            1 140498.131
1033      0.823127   -0.000151   -14.633            1 140772.563
1034      0.822017   -0.001110   -15.365            1 141067.758
1035      0.821939   -0.000078   -14.956            1 141313.875
1036      0.821499   -0.000441   -14.946            1 141585.561
1037      0.821189   -0.000309   -14.790            1 141856.671
1038      0.820848   -0.000341   -14.666            1 142137.127
1039      0.820577   -0.000272   -14.462            1 142424.877
1040      0.819759   -0.000818   -14.867            1 142725.629
1041      0.819105   -0.000654   -15.097            1 142996.922
1042      0.818901   -0.000204   -14.826            1 143250.650
1043      0.818438   -0.000463   -14.842            1 143521.904
1044      0.817849   -0.000588   -14.998            1 143790.543
1045      0.817297   -0.000552   -15.117            1 144046.282
1046      0.816939   -0.000358   -15.020            1 144291.566
1047      0.816635   -0.000304   -14.861            1 144542.016
1048      0.816506   -0.000129   -14.503            1 144802.371
1049      0.816114   -0.000392   -14.434            1 145087.937
1050      0.815696   -0.000419   -14.393            1 145377.181
1051      0.815470   -0.000226   -14.135            1 145667.937
1052      0.815016   -0.000454   -14.130            1 145977.288
1053      0.814158   -0.000858   -14.580            1 146285.635
1054      0.813699   -0.000459   -14.590            1 146556.488
1055      0.813475   -0.000224   -14.334            1 146824.557
1056      0.813369   -0.000107   -13.941            1 147111.308
1057      0.812653   -0.000716   -14.229            1 147428.598
1058      0.812302   -0.000351   -14.111            1 147720.156
1059      0.811856   -0.000446   -14.098            1 148019.739
1060      0.811291   -0.000564   -14.219            1 148318.448
1061      0.810941   -0.000350   -14.101            1 148604.719
1062      0.810605   -0.000336   -13.964            1 148899.081
1063      0.810327   -0.000278   -13.758            1 149203.318
1064      0.810017   -0.000310   -13.586            1 149523.801
1065      0.809251   -0.000766   -13.927            1 149857.952
1066      0.808894   -0.000358   -13.812            1 150159.057
1067      0.808622   -0.000272   -13.598            1 150468.388
1068      0.808160   -0.000462   -13.595            1 150795.494
1069      0.808069   -0.000091   -13.171            1 151120.692
1070      0.807019   -0.001050   -13.830            1 151484.478
1071      0.806966   -0.000053   -13.368            1 151782.605
1072      0.806094   -0.000872   -13.829            1 152123.211
1073      0.805932   -0.000162   -13.492            1 152415.968
1074      0.805169   -0.000762   -13.832            1 152739.513
1075      0.804967   -0.000203   -13.541            1 153026.142
1076      0.804659   -0.000308   -13.363            1 153339.290
1077      0.804177   -0.000482   -13.382            1 153667.940
1078      0.803787   -0.000390   -13.296            1 153991.858
1079      0.803247   -0.000540   -13.380            1 154322.025
1080      0.802616   -0.000630   -13.569            1 154640.316
1081      0.802557   -0.000059   -13.109            1 154934.940
1082      0.802167   -0.000391   -13.019            1 155276.565
1083      0.801722   -0.000445   -12.989            1 155625.311
1084      0.801362   -0.000360   -12.861            1 155974.480
1085      0.801050   -0.000312   -12.676            1 156335.280
1086      0.800866   -0.000184   -12.339            1 156714.766
1087      0.800382   -0.000484   -12.340            1 157131.501
1088      0.799870   -0.000512   -12.372            1 157545.814
1089      0.799472   -0.000398   -12.275            1 157953.640
1090      0.798992   -0.000480   -12.271            1 158370.810
1091      0.798807   -0.000184   -11.926            1 158785.874
1092      0.798598   -0.000210   -11.602            1 159242.267
1093      0.797934   -0.000664   -11.794            1 159738.772
1094      0.797698   -0.000235   -11.497            1 160208.074
1095      0.797365   -0.000333   -11.305            1 160715.137
1096      0.796804   -0.000561   -11.372            1 161246.815
1097      0.796634   -0.000170   -10.989            1 161767.614
1098      0.796300   -0.000334   -10.785            1 162341.007
1099      0.795124   -0.001176   -11.555            1 162942.956
1100      0.795065   -0.000059   -11.048            1 163432.007
1101      0.794778   -0.000287   -10.793            1 163993.100
1102      0.793608   -0.001170   -11.559            1 164591.137
1103      0.793431   -0.000177   -11.191            1 165071.455
1104      0.792845   -0.000586   -11.289            1 165605.053
1105      0.792100   -0.000745   -11.576            1 166120.823
1106      0.791684   -0.000417   -11.489            1 166588.277
1107      0.791012   -0.000672   -11.697            1 167065.759
1108      0.790813   -0.000199   -11.358            1 167505.659
1109      0.790321   -0.000492   -11.355            1 167996.334
1110      0.790100   -0.000221   -11.033            1 168483.601
1111      0.789723   -0.000377   -10.885            1 169021.376
1112      0.789411   -0.000312   -10.657            1 169581.219
1113      0.789156   -0.000255   -10.357            1 170178.235
1114      0.788158   -0.000997   -10.920            1 170827.008
1115      0.787983   -0.000176   -10.534            1 171370.218
1116      0.787156   -0.000827   -10.904            1 171981.062
1117      0.786731   -0.000425   -10.812            1 172518.844
1118      0.786496   -0.000234   -10.493            1 173069.444
1119      0.785657   -0.000840   -10.879            1 173677.679
1120      0.785568   -0.000089   -10.390            1 174205.501
1121      0.784692   -0.000876   -10.818            1 174826.258
1122      0.784185   -0.000507   -10.823            1 175355.343
1123      0.784099   -0.000085   -10.329            1 175877.323
1124      0.783311   -0.000788   -10.653            1 176497.414
1125      0.782848   -0.000463   -10.602            1 177042.872
1126      0.782352   -0.000496   -10.589            1 177592.903
1127      0.781808   -0.000544   -10.633            1 178139.242
1128      0.780996   -0.000812   -10.997            1 178668.535
1129      0.780804   -0.000192   -10.636            1 179107.290
1130      0.780713   -0.000091   -10.145            1 179619.764
1131      0.779677   -0.001036   -10.761            1 180240.837
1132      0.779225   -0.000452   -10.704            1 180705.984
1133      0.778761   -0.000464   -10.659            1 181175.012
1134      0.778426   -0.000335   -10.460            1 181644.758
1135      0.777767   -0.000658   -10.639            1 182154.151
1136      0.777573   -0.000194   -10.272            1 182607.100
1137      0.776971   -0.000602   -10.379            1 183144.692
1138      0.776856   -0.000115    -9.908            1 183643.061
1139      0.776591   -0.000265    -9.601            1 184258.955
1140      0.776034   -0.000558    -9.632            1 184952.375
1141      0.775637   -0.000397    -9.473            1 185628.345
1142      0.775301   -0.000336    -9.236            1 186342.333
1143      0.774641   -0.000661    -9.379            1 187119.756
1144      0.774486   -0.000155    -8.922            1 187845.138
1145      0.773323   -0.001163    -9.656            1 188706.586
1146      0.772649   -0.000675    -9.834            1 189324.002
1147      0.772172   -0.000476    -9.781            1 189870.787
1148      0.772068   -0.000104    -9.280            1 190419.915
1149      0.771751   -0.000317    -9.015            1 191123.420
1150      0.771326   -0.000425    -8.870            1 191907.197
1151      0.771256   -0.000070    -8.293            1 192732.155
1152      0.770898   -0.000358    -8.038            1 193762.119
1153      0.770019   -0.000880    -8.402            1 194885.293
1154      0.769627   -0.000392    -8.194            1 195860.146
1155      0.769220   -0.000407    -7.995            1 196910.214
1156      0.768439   -0.000781    -8.241            1 198035.671
1157      0.767907   -0.000532    -8.198            1 199050.080
1158      0.767824   -0.000083    -7.608            1 200072.972
1159      0.767221   -0.000604    -7.624            1 201351.200
1160      0.766970   -0.000251    -7.213            1 202618.165
1161      0.766273   -0.000697    -7.325            1 204079.296
1162      0.765468   -0.000805    -7.577            1 205484.482
1163      0.764875   -0.000593    -7.584            1 206758.498
1164      0.764189   -0.000686    -7.705            1 208020.976
1165      0.763859   -0.000330    -7.396            1 209209.361
1166      0.763306   -0.000553    -7.348            1 210553.913
1167      0.762589   -0.000717    -7.499            1 211916.846
1168      0.762269   -0.000320    -7.170            1 213181.445
1169      0.761039   -0.001230    -7.947            1 214629.369
1170      0.760578   -0.000461    -7.817            1 215592.096
1171      0.760439   -0.000138    -7.282            1 216607.915
1172      0.759588   -0.000851    -7.600            1 217941.719
1173      0.759158   -0.000429    -7.414            1 219044.846
1174      0.758667   -0.000491    -7.296            1 220246.892
1175      0.758282   -0.000385    -7.040            1 221506.385
1176      0.758125   -0.000157    -6.487            1 222928.157
1177      0.757194   -0.000931    -6.863            1 224755.204
1178      0.756484   -0.000710    -6.989            1 226271.604
1179      0.755924   -0.000561    -6.937            1 227661.752
1180      0.755659   -0.000264    -6.513            1 229064.761
1181      0.755304   -0.000356    -6.178     0.999999 230807.148
1182      0.754371   -0.000932    -6.543            1 232838.793
1183      0.753770   -0.000601    -6.519            1 234507.866
1184      0.752390   -0.001380    -7.470            1 236169.227
1185      0.752061   -0.000329    -7.165            1 236851.875
1186      0.751719   -0.000341    -6.857            1 237765.034
1187      0.751254   -0.000466    -6.685            1 238932.011
1188      0.750720   -0.000534    -6.588            1 240223.233
1189      0.750392   -0.000328    -6.226     0.999999 241562.211
1190      0.749244   -0.001147    -6.866            1 243271.330
1191      0.748784   -0.000460    -6.691            1 244127.289
1192      0.748593   -0.000191    -6.167     0.999999 245108.274
1193      0.747696   -0.000897    -6.489            1 246695.655
1194      0.747428   -0.000268    -6.048     0.999998 247753.442
1195      0.746886   -0.000542    -5.917     0.999996 249349.374
1196      0.746191   -0.000695    -5.967     0.999997 251058.571
1197      0.745877   -0.000314    -5.546     0.999973 252593.477
1198      0.745545   -0.000332    -5.112     0.999823 254742.427
1199      0.745047   -0.000497    -4.846       0.9995 257607.014
1200      0.744471   -0.000576    -4.656     0.999005 260947.402
1201      0.743954   -0.000517    -4.373      0.99746 264661.038
1202      0.743015   -0.000939    -4.595     0.998775 269004.390
1203      0.742559   -0.000456    -4.233     0.996099 272817.399
1204      0.741685   -0.000873    -4.363     0.997378 277531.661
1205      0.741011   -0.000675    -4.257     0.996376 281895.041
1206      0.740049   -0.000961    -4.510     0.998367 286536.631
1207      0.739354   -0.000695    -4.452      0.99803 290353.350
1208      0.738154   -0.001200    -5.041     0.999764 294239.555
1209      0.737929   -0.000225    -4.442     0.997966 295964.032
1210      0.737180   -0.000749    -4.448        0.998 299543.676
1211      0.735954   -0.001226    -5.070     0.999789 302882.882
1212      0.735632   -0.000322    -4.605     0.998815 303390.215
1213      0.735302   -0.000330    -4.093     0.994152 305395.139
1214      0.734879   -0.000423    -3.630     0.980728 309429.831
1215      0.733966   -0.000914    -3.726     0.984665 315681.098
1216      0.733522   -0.000443    -3.235     0.955048 321163.028
1217      0.732696   -0.000827    -3.156     0.947591 329677.557
1218      0.731579   -0.001117    -3.442      0.97063 338762.025
1219      0.730579   -0.001000    -3.635     0.980946 345301.905
1220      0.729517   -0.001062    -3.944     0.991212 349549.725
1221      0.729218   -0.000300    -3.322     0.962214 349881.734
1222      0.728683   -0.000535    -2.880     0.914539 355412.826
1223      0.727493   -0.001190    -3.180     0.949953 365596.113
1224      0.726902   -0.000591    -2.781     0.899828 370534.993
1225      0.725909   -0.000994    -2.797     0.902286 380451.501
1226      0.724958   -0.000951    -2.761     0.896566 388556.105
1227      0.724556   -0.000402    -2.010     0.728391 395150.735
1228      0.723496   -0.001059        NA           NA        NA
1229      0.721895   -0.001601        NA           NA        NA
1230      0.720737   -0.001159        NA           NA        NA
1231      0.720208   -0.000528        NA           NA        NA
1232      0.718689   -0.001520        NA           NA        NA
1233      0.717978   -0.000711        NA           NA        NA
1234      0.716180   -0.001798        NA           NA        NA
1235      0.713145   -0.003035        NA           NA        NA
1236      0.711946   -0.001200        NA           NA        NA
    kurtosis           snps    indivs
 eigenvector    1     3.301    13.990
 eigenvector    2    36.718    26.776
 eigenvector    3     4.293   218.974
 eigenvector    4     4.335   293.668
 eigenvector    5     5.104    13.860
 eigenvector    6     4.559    16.279
 eigenvector    7    11.308    19.658
 eigenvector    8     3.134     3.948
 eigenvector    9     3.045     5.159
 eigenvector   10     2.995     3.740
population:   0              Control  468
population:   1                 Case  769

## Average divergence between populations:
              Control       Case     popsize
   Control      1.001      1.000         468
      Case      1.000      0.999         769


number of blocks for moving block jackknife: 545

fst *1000:
          C     C 
   C      0     0
   C      0     0

s.dev * 1000000:
          C     C 
   C      0     7
   C      7     0

eigenvector 1:means
                Case     -0.000
             Control      0.000
## Anova statistics for population differences along each eigenvector:
                                              p-value
             eigenvector_1_Control_Case_      0.709043 
eigenvector 2:means
             Control     -0.003
                Case      0.002
             eigenvector_2_Control_Case_     0.0116595 
eigenvector 3:means
             Control     -0.003
                Case      0.002
             eigenvector_3_Control_Case_     0.0153472 
eigenvector 4:means
                Case     -0.000
             Control      0.001
             eigenvector_4_Control_Case_      0.470637 
eigenvector 5:means
             Control     -0.002
                Case      0.001
             eigenvector_5_Control_Case_     0.0847547 
eigenvector 6:means
             Control     -0.003
                Case      0.002
             eigenvector_6_Control_Case_     0.0114253 
eigenvector 7:means
             Control     -0.002
                Case      0.001
             eigenvector_7_Control_Case_     0.0620673 
eigenvector 8:means
                Case     -0.002
             Control      0.003
             eigenvector_8_Control_Case_    0.00221756 
eigenvector 9:means
             Control     -0.000
                Case      0.000
             eigenvector_9_Control_Case_      0.647577 
eigenvector 10:means
             Control     -0.001
                Case      0.001
            eigenvector_10_Control_Case_      0.297858 

## Statistical significance of differences beween populations:
                                pop1                  pop2      chisq          p-value   |pop1|   |pop2|
popdifference:               Control                  Case        36.475   6.97357e-05     468     769

eigbestsnp    1            rs6895227  5    135272395     5.463
eigbestsnp    1            rs4676989  3     75147150     5.314
eigbestsnp    1            rs1201686 20     45044330     5.189
eigbestsnp    1           rs17047481  4    167429565     5.172
eigbestsnp    1            rs2835918 21     38036879     5.164
eigbestsnp    1            rs7593370  2    135339987     5.126
eigbestsnp    1            rs7582834  2    192002279     4.971
eigbestsnp    1            rs2213909  8     17984790     4.919
eigbestsnp    1            rs7541003  1     65604940     4.861
eigbestsnp    1            rs6560749 10      1666531     4.819
eigbestsnp    2           rs41412544  1    232365381    16.906
eigbestsnp    2           rs16892852  8    120682427    16.736
eigbestsnp    2           rs11842721 13     36358430    15.976
eigbestsnp    2            rs3776349  5    142410393    15.552
eigbestsnp    2            rs7817227  8     27973976    15.549
eigbestsnp    2             rs746767  1    219025582    15.116
eigbestsnp    2            rs7271622 20     16374962    14.564
eigbestsnp    2           rs17160942  7     32171282    14.477
eigbestsnp    2            rs2122339  4     27303287    14.304
eigbestsnp    2            rs4300052  9      5839986    13.593
eigbestsnp    3           rs11067600 12    114362160     8.794
eigbestsnp    3            rs6863508  5    159064374     6.920
eigbestsnp    3            rs6862278  5    169290759     6.679
eigbestsnp    3            rs9992154  4    131086293     6.438
eigbestsnp    3            rs4846366  1    220662121     6.257
eigbestsnp    3             rs312568  5    143327425     6.157
eigbestsnp    3           rs17026826  2     40976823     6.149
eigbestsnp    3            rs6718379  2     18496290     6.064
eigbestsnp    3           rs10053139  5     21735999     6.019
eigbestsnp    3            rs4793672 17     46233684     5.961
eigbestsnp    4            rs9992154  4    131086293     6.899
eigbestsnp    4            rs6128983 20     58960080     6.823
eigbestsnp    4           rs12541215  8     91411233     6.810
eigbestsnp    4           rs17066389  4    179737086     6.232
eigbestsnp    4            rs7982110 13     58621430     6.212
eigbestsnp    4             rs914561 20     61741349     6.154
eigbestsnp    4            rs7533564  1     78598500     5.844
eigbestsnp    4            rs6131700 20     15690230     5.775
eigbestsnp    4            rs4889171 16     79215045     5.378
eigbestsnp    4           rs11160530 14     99134427     5.321
eigbestsnp    5           rs17125619 14     88829094     8.753
eigbestsnp    5            rs2426614 20     54365833     8.661
eigbestsnp    5           rs17152626  8     10758591     8.262
eigbestsnp    5            rs6657340  1     90852290     8.041
eigbestsnp    5            rs2553575 14     35806095     7.780
eigbestsnp    5           rs10824310 10     53698470     7.655
eigbestsnp    5           rs10981635  9    114927933     7.548
eigbestsnp    5            rs7548458  1     39202849     7.379
eigbestsnp    5            rs9489379  6    118846297     7.267
eigbestsnp    5             rs879872 11       246714     7.111
eigbestsnp    6            rs7637418  3    104134019     8.033
eigbestsnp    6           rs10124911  9     98607205     7.890
eigbestsnp    6           rs17110246 14     39647162     7.689
eigbestsnp    6            rs4836002  5    122704060     7.686
eigbestsnp    6           rs41418344 10     89781134     7.358
eigbestsnp    6            rs2812746 13     18804655     7.275
eigbestsnp    6            rs6865059  5     54007417     7.228
eigbestsnp    6           rs10248735  7    111626659     6.965
eigbestsnp    6            rs1909255 12     59344833     6.947
eigbestsnp    6           rs12065515  1    231242041     6.829
eigbestsnp    7           rs17125619 14     88829094    14.617
eigbestsnp    7            rs2426614 20     54365833    13.822
eigbestsnp    7           rs17152626  8     10758591    13.360
eigbestsnp    7             rs308830 11     87791031    13.306
eigbestsnp    7            rs6657340  1     90852290    13.091
eigbestsnp    7            rs9922883 16     70852615    12.015
eigbestsnp    7            rs2553575 14     35806095    11.878
eigbestsnp    7            rs7773693  6    156650110    11.723
eigbestsnp    7            rs8074383 17     27202906    11.618
eigbestsnp    7            rs6500553 16      3808100    11.472
eigbestsnp    8            rs8074383 17     27202906     5.521
eigbestsnp    8            rs2553575 14     35806095     5.408
eigbestsnp    8            rs2426614 20     54365833     5.332
eigbestsnp    8             rs308830 11     87791031     5.302
eigbestsnp    8            rs9908860 17       139937     5.179
eigbestsnp    8           rs17125619 14     88829094     5.169
eigbestsnp    8            rs6657340  1     90852290     5.045
eigbestsnp    8            rs2865803  7     68907809     4.871
eigbestsnp    8           rs12573171 10      7088489     4.813
eigbestsnp    8            rs7895097 10      2101030     4.559
eigbestsnp    9           rs11645346 16     50075684     5.579
eigbestsnp    9           rs10521229 16     49862708     5.126
eigbestsnp    9            rs7294776 12    102238554     4.440
eigbestsnp    9            rs6855447  4     17662796     4.304
eigbestsnp    9            rs4985683 17      5541586     4.246
eigbestsnp    9           rs10176792  2     68375246     4.150
eigbestsnp    9            rs4775205 15     57847588     4.086
eigbestsnp    9           rs17836662 22     49014281     4.071
eigbestsnp    9            rs7245865 19     39215623     4.060
eigbestsnp    9           rs12613663  2    169939018     3.950
eigbestsnp   10            rs2822617 21     14644803     4.258
eigbestsnp   10            rs7548984  1     14566845     4.253
eigbestsnp   10               rs7200 12     68281540     4.080
eigbestsnp   10            rs7319026 13     20125440     4.025
eigbestsnp   10           rs10038914  5     40114693     3.969
eigbestsnp   10           rs11866508 16     17155369     3.965
eigbestsnp   10           rs10488575  7     20801965     3.914
eigbestsnp   10            rs7671934  4    159278662     3.909
eigbestsnp   10           rs17789512  4    126134538     3.880
eigbestsnp   10            rs1920330  3    105394662     3.849
##end of smartpca run
