parameter file: TGEN_cleaned6.par
### THE INPUT PARAMETERS
##PARAMETER NAME: VALUE
genotypename: /projectnb/bs859/students/tshah20/hw_02/TGEN_cleaned6.bed
snpname: /projectnb/bs859/students/tshah20/hw_02/TGEN_cleaned6.bim
indivname: /projectnb/bs859/students/tshah20/hw_02/TGEN_cleaned6.fam
evecoutname: TGEN_cleaned6_PCA.evec
evaloutname: TGEN_cleaned6_PCA.eval
altnormstyle: NO
numoutevec: 10
numoutlieriter: 0
## smartpca version: 16000
norm used

genetic distance set from physical distance
genotype file processed
number of samples used: 1237 number of snps used: 52572
Using 27 threads, and partial sum lookup algorithm.
total number of snps killed in pass: 0  used: 52572

## Tracy-Widom statistics: rows: 1237  cols: 52572
  #N    eigenvalue  difference    twstat      p-value effect. n
   1      4.161637          NA  1189.464            0 29490.285
   2      2.728812   -1.432825   663.613            0 36288.654
   3      2.333262   -0.395549   495.755            0 38915.617
   4      1.860395   -0.472867   261.737            0 40638.474
   5      1.522403   -0.337992    84.119 1.96209e-225 41351.002
   6      1.464733   -0.057670    54.052 4.56882e-117 41567.631
   7      1.448039   -0.016694    45.883   5.6026e-92 41724.981
   8      1.412411   -0.035628    27.271  3.60049e-43 41867.800
   9      1.397828   -0.014583    19.975  9.47828e-28 41978.322
  10      1.390318   -0.007510    16.485  2.93211e-21 42077.055
  11      1.377627   -0.012690    10.118  3.79844e-11 42170.416
  12      1.365140   -0.012487     3.809  0.000331802 42253.904
  13      1.360509   -0.004631     1.773    0.0151291 42327.853
  14      1.356926   -0.003583     0.299     0.119972 42398.901
  15      1.354623   -0.002303    -0.480     0.271375 42467.903
  16      1.351803   -0.002820    -1.551     0.590098 42535.905
  17      1.347708   -0.004095    -3.336     0.963263 42602.465
  18      1.347097   -0.000611    -3.204     0.952258 42666.520
  19      1.346428   -0.000668    -3.104     0.942289 42730.921
  20      1.344047   -0.002381    -3.954     0.991438 42795.623
  21      1.343210   -0.000837    -3.953     0.991401 42859.205
  22      1.340467   -0.002744    -5.012     0.999735 42922.937
  23      1.338119   -0.002348    -5.859     0.999994 42985.230
  24      1.336995   -0.001124    -6.030     0.999998 43046.401
  25      1.333939   -0.003056    -7.281            1 43107.454
  26      1.332694   -0.001245    -7.529            1 43166.780
  27      1.330302   -0.002392    -8.421            1 43225.867
  28      1.329404   -0.000897    -8.482            1 43283.756
  29      1.328711   -0.000694    -8.430            1 43341.679
  30      1.327220   -0.001491    -8.825            1 43399.802
  31      1.326906   -0.000314    -8.562            1 43457.461
  32      1.325854   -0.001052    -8.712            1 43515.635
  33      1.323565   -0.002288    -9.560            1 43573.707
  34      1.322614   -0.000951    -9.660            1 43630.632
  35      1.321522   -0.001093    -9.842            1 43687.526
  36      1.320027   -0.001495   -10.251            1 43744.266
  37      1.317896   -0.002131   -11.024            1 43800.510
  38      1.317169   -0.000727   -11.007            1 43855.711
  39      1.316654   -0.000515   -10.871            1 43911.048
  40      1.316082   -0.000572   -10.767            1 43966.703
  41      1.314373   -0.001709   -11.307            1 44022.629
  42      1.312900   -0.001473   -11.717            1 44077.852
  43      1.311858   -0.001042   -11.885            1 44132.568
  44      1.311282   -0.000576   -11.789            1 44187.139
  45      1.309494   -0.001789   -12.384            1 44241.964
  46      1.308810   -0.000684   -12.353            1 44295.997
  47      1.307490   -0.001320   -12.685            1 44350.184
  48      1.306977   -0.000513   -12.559            1 44403.974
  49      1.305117   -0.001860   -13.202            1 44458.061
  50      1.303558   -0.001559   -13.677            1 44511.274
  51      1.302860   -0.000698   -13.663            1 44563.867
  52      1.301908   -0.000951   -13.794            1 44616.583
  53      1.300836   -0.001072   -13.996            1 44669.199
  54      1.299903   -0.000933   -14.119            1 44721.608
  55      1.298616   -0.001287   -14.447            1 44773.928
  56      1.297543   -0.001073   -14.654            1 44825.845
  57      1.296884   -0.000659   -14.624            1 44877.542
  58      1.295974   -0.000910   -14.739            1 44929.383
  59      1.294786   -0.001188   -15.016            1 44981.143
  60      1.294155   -0.000631   -14.972            1 45032.574
  61      1.293483   -0.000673   -14.953            1 45084.169
  62      1.292435   -0.001047   -15.151            1 45135.888
  63      1.291696   -0.000739   -15.172            1 45187.398
  64      1.290919   -0.000777   -15.215            1 45238.971
  65      1.290472   -0.000446   -15.068            1 45290.572
  66      1.288760   -0.001712   -15.654            1 45342.500
  67      1.288231   -0.000530   -15.557            1 45393.609
  68      1.286647   -0.001584   -16.073            1 45444.963
  69      1.285324   -0.001323   -16.440            1 45495.604
  70      1.284488   -0.000836   -16.526            1 45545.762
  71      1.283358   -0.001130   -16.785            1 45595.876
  72      1.282610   -0.000749   -16.823            1 45645.674
  73      1.281788   -0.000821   -16.904            1 45695.501
  74      1.281106   -0.000682   -16.904            1 45745.290
  75      1.280223   -0.000883   -17.022            1 45795.167
  76      1.278319   -0.001904   -17.739            1 45844.946
  77      1.277984   -0.000335   -17.541            1 45893.682
  78      1.277440   -0.000544   -17.465            1 45942.814
  79      1.277126   -0.000314   -17.254            1 45992.154
  80      1.276656   -0.000470   -17.133            1 46041.916
  81      1.276086   -0.000570   -17.071            1 46091.959
  82      1.274864   -0.001222   -17.391            1 46142.191
  83      1.273770   -0.001094   -17.640            1 46191.997
  84      1.272615   -0.001155   -17.925            1 46241.494
  85      1.271555   -0.001060   -18.157            1 46290.618
  86      1.271033   -0.000522   -18.072            1 46339.457
  87      1.270188   -0.000845   -18.179            1 46388.515
  88      1.269113   -0.001075   -18.422            1 46437.486
  89      1.267492   -0.001621   -18.990            1 46486.150
  90      1.266987   -0.000506   -18.901            1 46533.980
  91      1.266643   -0.000343   -18.715            1 46582.034
  92      1.266227   -0.000416   -18.572            1 46630.470
  93      1.264794   -0.001433   -19.032            1 46679.220
  94      1.264507   -0.000287   -18.815            1 46727.305
  95      1.264124   -0.000383   -18.653            1 46775.825
  96      1.263134   -0.000990   -18.852            1 46824.693
  97      1.262128   -0.001006   -19.062            1 46873.318
  98      1.261669   -0.000459   -18.947            1 46921.681
  99      1.261160   -0.000509   -18.861            1 46970.315
 100      1.260185   -0.000976   -19.054            1 47019.172
 101      1.259274   -0.000911   -19.210            1 47067.793
 102      1.258305   -0.000969   -19.401            1 47116.239
 103      1.258189   -0.000116   -19.084            1 47164.449
 104      1.256625   -0.001564   -19.632            1 47213.267
 105      1.255302   -0.001323   -20.039            1 47261.255
 106      1.254606   -0.000696   -20.073            1 47308.645
 107      1.253687   -0.000919   -20.241            1 47356.057
 108      1.251960   -0.001727   -20.895            1 47403.267
 109      1.251858   -0.000102   -20.577            1 47449.462
 110      1.250419   -0.001439   -21.062            1 47496.261
 111      1.250105   -0.000313   -20.872            1 47542.326
 112      1.249375   -0.000730   -20.932            1 47588.780
 113      1.249131   -0.000244   -20.700            1 47635.208
 114      1.248607   -0.000524   -20.635            1 47682.099
 115      1.247941   -0.000666   -20.657            1 47729.175
 116      1.247434   -0.000507   -20.582            1 47776.291
 117      1.247148   -0.000286   -20.374            1 47823.608
 118      1.246402   -0.000746   -20.443            1 47871.357
 119      1.244790   -0.001612   -21.037            1 47919.065
 120      1.244196   -0.000595   -21.018            1 47965.837
 121      1.242447   -0.001748   -21.700            1 48012.715
 122      1.241187   -0.001260   -22.089            1 48058.504
 123      1.240566   -0.000621   -22.092            1 48103.701
 124      1.239811   -0.000755   -22.177            1 48148.961
 125      1.239355   -0.000456   -22.081            1 48194.144
 126      1.238721   -0.000634   -22.093            1 48239.560
 127      1.238419   -0.000302   -21.903            1 48285.024
 128      1.237944   -0.000475   -21.817            1 48330.886
 129      1.237213   -0.000731   -21.888            1 48376.965
 130      1.236136   -0.001077   -22.170            1 48422.993
 131      1.235962   -0.000174   -21.902            1 48468.603
 132      1.235277   -0.000685   -21.946            1 48514.747
 133      1.234489   -0.000788   -22.053            1 48560.886
 134      1.233373   -0.001116   -22.362            1 48606.908
 135      1.233203   -0.000170   -22.093            1 48652.461
 136      1.231709   -0.001494   -22.635            1 48698.554
 137      1.231501   -0.000208   -22.391            1 48743.767
 138      1.231051   -0.000450   -22.294            1 48789.476
 139      1.229931   -0.001119   -22.609            1 48835.424
 140      1.229536   -0.000395   -22.480            1 48880.887
 141      1.228539   -0.000997   -22.721            1 48926.646
 142      1.228336   -0.000203   -22.474            1 48972.047
 143      1.227361   -0.000975   -22.702            1 49017.953
 144      1.227311   -0.000049   -22.361            1 49063.522
 145      1.227009   -0.000302   -22.174            1 49109.768
 146      1.225152   -0.001857   -22.947            1 49156.419
 147      1.224700   -0.000452   -22.856            1 49201.756
 148      1.223928   -0.000772   -22.962            1 49247.324
 149      1.223152   -0.000776   -23.072            1 49292.768
 150      1.222829   -0.000323   -22.902            1 49338.082
 151      1.222287   -0.000542   -22.867            1 49383.769
 152      1.221627   -0.000660   -22.905            1 49429.587
 153      1.220781   -0.000846   -23.059            1 49475.404
 154      1.219722   -0.001058   -23.347            1 49521.008
 155      1.219098   -0.000624   -23.366            1 49566.158
 156      1.218889   -0.000210   -23.127            1 49611.338
 157      1.217774   -0.001115   -23.452            1 49657.020
 158      1.217510   -0.000264   -23.247            1 49702.175
 159      1.216615   -0.000895   -23.436            1 49747.770
 160      1.216066   -0.000549   -23.409            1 49793.085
 161      1.214878   -0.001188   -23.782            1 49838.515
 162      1.214872   -0.000007   -23.419            1 49883.324
 163      1.213979   -0.000893   -23.608            1 49928.866
 164      1.213658   -0.000321   -23.441            1 49974.125
 165      1.211842   -0.001816   -24.210            1 50019.758
 166      1.211131   -0.000711   -24.291            1 50064.033
 167      1.209574   -0.001557   -24.903            1 50108.220
 168      1.209092   -0.000482   -24.844            1 50151.336
 169      1.208585   -0.000506   -24.800            1 50194.618
 170      1.208167   -0.000418   -24.700            1 50238.041
 171      1.207301   -0.000866   -24.882            1 50281.707
 172      1.206443   -0.000858   -25.060            1 50325.093
 173      1.206352   -0.000092   -24.756            1 50368.206
 174      1.205834   -0.000518   -24.720            1 50411.944
 175      1.204576   -0.001258   -25.151            1 50455.809
 176      1.204416   -0.000159   -24.890            1 50498.924
 177      1.203526   -0.000890   -25.090            1 50542.586
 178      1.203106   -0.000420   -24.994            1 50585.930
 179      1.202364   -0.000743   -25.102            1 50629.512
 180      1.202113   -0.000251   -24.899            1 50672.948
 181      1.200968   -0.001145   -25.263            1 50716.826
 182      1.200760   -0.000207   -25.033            1 50760.073
 183      1.200206   -0.000554   -25.023            1 50803.813
 184      1.199762   -0.000444   -24.943            1 50847.631
 185      1.198985   -0.000778   -25.074            1 50891.661
 186      1.198186   -0.000799   -25.220            1 50935.497
 187      1.197639   -0.000547   -25.207            1 50979.111
 188      1.196675   -0.000964   -25.459            1 51022.807
 189      1.196360   -0.000315   -25.300            1 51066.075
 190      1.195932   -0.000428   -25.212            1 51109.707
 191      1.195256   -0.000675   -25.282            1 51153.565
 192      1.194504   -0.000752   -25.401            1 51197.347
 193      1.193451   -0.001053   -25.713            1 51240.954
 194      1.193243   -0.000208   -25.487            1 51284.011
 195      1.192561   -0.000682   -25.563            1 51327.563
 196      1.192009   -0.000552   -25.557            1 51371.022
 197      1.191423   -0.000586   -25.572            1 51414.550
 198      1.191174   -0.000248   -25.372            1 51458.103
 199      1.189946   -0.001228   -25.798            1 51502.108
 200      1.189603   -0.000343   -25.660            1 51545.329
 201      1.189055   -0.000548   -25.652            1 51588.877
 202      1.188345   -0.000709   -25.749            1 51632.496
 203      1.188164   -0.000181   -25.506            1 51675.980
 204      1.187576   -0.000588   -25.524            1 51720.002
 205      1.186663   -0.000913   -25.751            1 51764.046
 206      1.186156   -0.000507   -25.719            1 51807.691
 207      1.185353   -0.000804   -25.877            1 51851.458
 208      1.184955   -0.000398   -25.775            1 51894.962
 209      1.184223   -0.000732   -25.888            1 51938.726
 210      1.183529   -0.000694   -25.978            1 51982.318
 211      1.182822   -0.000707   -26.077            1 52025.783
 212      1.182457   -0.000365   -25.956            1 52069.103
 213      1.182277   -0.000179   -25.713            1 52112.723
 214      1.181506   -0.000771   -25.853            1 52156.890
 215      1.180576   -0.000930   -26.097            1 52200.829
 216      1.179926   -0.000651   -26.161            1 52244.327
 217      1.179330   -0.000596   -26.190            1 52287.747
 218      1.178936   -0.000394   -26.088            1 52331.162
 219      1.178291   -0.000645   -26.149            1 52374.838
 220      1.177905   -0.000385   -26.042            1 52418.443
 221      1.177429   -0.000477   -25.994            1 52462.323
 222      1.176744   -0.000685   -26.081            1 52506.356
 223      1.175559   -0.001185   -26.496            1 52550.264
 224      1.175310   -0.000249   -26.302            1 52593.369
 225      1.175064   -0.000245   -26.105            1 52636.928
 226      1.174605   -0.000460   -26.046            1 52680.950
 227      1.173997   -0.000607   -26.085            1 52725.148
 228      1.173284   -0.000713   -26.192            1 52769.321
 229      1.172625   -0.000659   -26.266            1 52813.323
 230      1.172258   -0.000367   -26.149            1 52857.225
 231      1.171882   -0.000375   -26.036            1 52901.428
 232      1.170596   -0.001287   -26.520            1 52945.922
 233      1.170379   -0.000217   -26.306            1 52989.448
 234      1.169759   -0.000620   -26.356            1 53033.479
 235      1.169555   -0.000204   -26.133            1 53077.459
 236      1.169056   -0.000499   -26.102            1 53121.967
 237      1.168187   -0.000869   -26.314            1 53166.596
 238      1.167493   -0.000694   -26.414            1 53210.825
 239      1.167242   -0.000251   -26.222            1 53254.897
 240      1.166397   -0.000845   -26.420            1 53299.432
 241      1.165850   -0.000547   -26.424            1 53343.596
 242      1.165428   -0.000422   -26.345            1 53387.804
 243      1.164919   -0.000509   -26.323            1 53432.237
 244      1.164102   -0.000818   -26.505            1 53476.771
 245      1.164002   -0.000100   -26.214            1 53520.963
 246      1.163262   -0.000740   -26.345            1 53565.841
 247      1.162817   -0.000445   -26.282            1 53610.489
 248      1.161974   -0.000843   -26.482            1 53655.329
 249      1.161523   -0.000451   -26.424            1 53699.786
 250      1.160833   -0.000690   -26.524            1 53744.424
 251      1.159572   -0.001261   -27.003            1 53788.895
 252      1.159042   -0.000531   -27.001            1 53832.365
 253      1.158676   -0.000366   -26.889            1 53875.891
 254      1.158113   -0.000563   -26.908            1 53919.711
 255      1.157550   -0.000562   -26.927            1 53963.541
 256      1.157012   -0.000538   -26.930            1 54007.379
 257      1.156810   -0.000202   -26.710            1 54051.261
 258      1.156488   -0.000322   -26.568            1 54095.684
 259      1.155187   -0.001301   -27.079            1 54140.476
 260      1.154821   -0.000366   -26.968            1 54184.179
 261      1.154453   -0.000368   -26.859            1 54228.177
 262      1.153542   -0.000911   -27.112            1 54272.471
 263      1.153157   -0.000385   -27.015            1 54316.247
 264      1.152487   -0.000669   -27.108            1 54360.291
 265      1.152118   -0.000369   -27.001            1 54404.175
 266      1.151343   -0.000775   -27.165            1 54448.352
 267      1.150351   -0.000992   -27.475            1 54492.207
 268      1.150197   -0.000154   -27.226            1 54535.406
 269      1.149627   -0.000570   -27.255            1 54579.218
 270      1.149145   -0.000482   -27.224            1 54623.014
 271      1.148823   -0.000322   -27.086            1 54666.928
 272      1.148280   -0.000543   -27.097            1 54711.208
 273      1.147666   -0.000614   -27.155            1 54755.513
 274      1.146993   -0.000673   -27.253            1 54799.733
 275      1.146240   -0.000753   -27.406            1 54843.776
 276      1.145810   -0.000430   -27.343            1 54887.514
 277      1.145370   -0.000440   -27.286            1 54931.445
 278      1.144375   -0.000994   -27.603            1 54975.557
 279      1.144201   -0.000174   -27.368            1 55018.980
 280      1.143541   -0.000660   -27.461            1 55062.996
 281      1.143170   -0.000371   -27.359            1 55106.844
 282      1.142715   -0.000455   -27.312            1 55150.979
 283      1.141991   -0.000725   -27.449            1 55195.270
 284      1.141150   -0.000841   -27.665            1 55239.289
 285      1.140713   -0.000437   -27.609            1 55282.845
 286      1.140423   -0.000290   -27.453            1 55326.581
 287      1.139479   -0.000945   -27.740            1 55370.731
 288      1.139060   -0.000419   -27.672            1 55414.248
 289      1.138478   -0.000582   -27.715            1 55457.970
 290      1.138009   -0.000468   -27.682            1 55501.636
 291      1.137962   -0.000047   -27.361            1 55545.427
 292      1.137907   -0.000056   -27.045            1 55590.031
 293      1.136776   -0.001130   -27.459            1 55635.444
 294      1.136419   -0.000357   -27.349            1 55679.910
 295      1.135975   -0.000444   -27.297            1 55724.690
 296      1.135522   -0.000453   -27.252            1 55769.643
 297      1.134680   -0.000843   -27.472            1 55814.754
 298      1.134135   -0.000545   -27.491            1 55859.378
 299      1.133357   -0.000778   -27.669            1 55904.005
 300      1.132906   -0.000451   -27.624            1 55948.245
 301      1.132663   -0.000243   -27.438            1 55992.638
 302      1.131664   -0.000999   -27.768            1 56037.536
 303      1.131206   -0.000458   -27.730            1 56081.670
 304      1.130658   -0.000548   -27.753            1 56125.944
 305      1.130425   -0.000233   -27.560            1 56170.206
 306      1.129803   -0.000622   -27.634            1 56214.989
 307      1.128457   -0.001346   -28.205            1 56259.637
 308      1.128049   -0.000408   -28.135            1 56302.915
 309      1.127417   -0.000632   -28.219            1 56346.409
 310      1.127148   -0.000270   -28.054            1 56389.736
 311      1.126539   -0.000608   -28.122            1 56433.515
 312      1.126135   -0.000405   -28.050            1 56477.167
 313      1.125296   -0.000838   -28.277            1 56521.041
 314      1.124860   -0.000437   -28.228            1 56564.389
 315      1.124236   -0.000624   -28.308            1 56607.902
 316      1.123790   -0.000446   -28.266            1 56651.252
 317      1.123222   -0.000569   -28.309            1 56694.750
 318      1.122772   -0.000450   -28.270            1 56738.181
 319      1.122505   -0.000267   -28.105            1 56781.751
 320      1.122372   -0.000133   -27.845            1 56825.783
 321      1.121835   -0.000537   -27.865            1 56870.519
 322      1.121080   -0.000756   -28.036            1 56915.249
 323      1.120457   -0.000623   -28.116            1 56959.585
 324      1.120161   -0.000297   -27.971            1 57003.757
 325      1.119367   -0.000793   -28.169            1 57048.346
 326      1.118402   -0.000965   -28.489            1 57092.465
 327      1.117731   -0.000671   -28.606            1 57135.800
 328      1.117530   -0.000201   -28.397            1 57178.871
 329      1.116929   -0.000601   -28.466            1 57222.522
 330      1.116512   -0.000416   -28.406            1 57266.034
 331      1.116314   -0.000199   -28.195            1 57309.740
 332      1.115671   -0.000643   -28.292            1 57354.037
 333      1.115292   -0.000379   -28.206            1 57398.121
 334      1.114530   -0.000762   -28.387            1 57442.472
 335      1.114296   -0.000233   -28.200            1 57486.388
 336      1.114066   -0.000230   -28.010            1 57530.836
 337      1.113846   -0.000220   -27.812            1 57575.828
 338      1.112784   -0.001062   -28.201            1 57621.391
 339      1.112323   -0.000461   -28.173            1 57665.960
 340      1.111692   -0.000631   -28.264            1 57710.646
 341      1.111403   -0.000289   -28.115            1 57755.131
 342      1.111315   -0.000088   -27.825            1 57800.053
 343      1.110620   -0.000696   -27.960            1 57845.797
 344      1.110051   -0.000569   -28.007            1 57891.222
 345      1.109828   -0.000223   -27.811            1 57936.563
 346      1.109105   -0.000723   -27.966            1 57982.477
 347      1.108314   -0.000790   -28.169            1 58028.014
 348      1.107360   -0.000954   -28.489            1 58073.042
 349      1.107170   -0.000190   -28.273            1 58117.241
 350      1.106454   -0.000716   -28.426            1 58162.066
 351      1.105999   -0.000455   -28.397            1 58206.513
 352      1.105886   -0.000113   -28.126            1 58251.078
 353      1.105486   -0.000400   -28.056            1 58296.427
 354      1.105073   -0.000414   -27.996            1 58342.009
 355      1.104606   -0.000467   -27.973            1 58387.800
 356      1.104221   -0.000386   -27.893            1 58433.696
 357      1.104196   -0.000025   -27.557            1 58479.858
 358      1.103731   -0.000465   -27.531            1 58527.001
 359      1.102869   -0.000862   -27.786            1 58574.263
 360      1.101662   -0.001207   -28.287            1 58620.855
 361      1.101180   -0.000482   -28.278            1 58666.084
 362      1.100324   -0.000856   -28.534            1 58711.379
 363      1.100106   -0.000218   -28.339            1 58755.996
 364      1.099689   -0.000416   -28.283            1 58801.198
 365      1.099084   -0.000605   -28.362            1 58846.596
 366      1.098761   -0.000323   -28.241            1 58891.809
 367      1.098224   -0.000537   -28.271            1 58937.406
 368      1.097439   -0.000786   -28.479            1 58982.956
 369      1.097039   -0.000399   -28.413            1 59027.951
 370      1.096852   -0.000188   -28.196            1 59073.173
 371      1.096229   -0.000622   -28.288            1 59119.055
 372      1.095880   -0.000349   -28.185            1 59164.712
 373      1.094768   -0.001112   -28.627            1 59210.703
 374      1.094324   -0.000444   -28.594            1 59255.458
 375      1.093949   -0.000375   -28.513            1 59300.345
 376      1.093532   -0.000417   -28.460            1 59345.503
 377      1.092829   -0.000703   -28.613            1 59390.849
 378      1.092081   -0.000747   -28.798            1 59435.789
 379      1.091664   -0.000417   -28.748            1 59480.224
 380      1.091517   -0.000147   -28.504            1 59524.839
 381      1.090993   -0.000524   -28.529            1 59570.203
 382      1.090249   -0.000745   -28.713            1 59615.528
 383      1.089804   -0.000445   -28.683            1 59660.348
 384      1.089634   -0.000170   -28.455            1 59705.291
 385      1.089185   -0.000449   -28.427            1 59750.943
 386      1.088479   -0.000706   -28.583            1 59796.714
 387      1.087764   -0.000715   -28.747            1 59842.056
 388      1.087389   -0.000376   -28.668            1 59886.943
 389      1.087021   -0.000368   -28.583            1 59932.100
 390      1.086162   -0.000858   -28.852            1 59977.544
 391      1.086115   -0.000047   -28.537            1 60022.218
 392      1.085276   -0.000839   -28.792            1 60067.871
 393      1.085156   -0.000120   -28.529            1 60112.791
 394      1.084654   -0.000502   -28.541            1 60158.537
 395      1.084469   -0.000185   -28.324            1 60204.282
 396      1.083313   -0.001156   -28.808            1 60250.721
 397      1.083197   -0.000116   -28.542            1 60295.722
 398      1.082717   -0.000480   -28.539            1 60341.566
 399      1.082464   -0.000253   -28.372            1 60387.454
 400      1.081566   -0.000898   -28.671            1 60433.891
 401      1.080818   -0.000748   -28.863            1 60479.442
 402      1.080324   -0.000494   -28.873            1 60524.434
 403      1.079963   -0.000361   -28.785            1 60569.427
 404      1.079512   -0.000452   -28.764            1 60614.720
 405      1.078441   -0.001070   -29.192            1 60660.112
 406      1.078230   -0.000211   -28.998            1 60704.204
 407      1.077410   -0.000820   -29.246            1 60748.927
 408      1.077196   -0.000214   -29.055            1 60792.904
 409      1.076948   -0.000248   -28.887            1 60837.507
 410      1.076281   -0.000668   -29.025            1 60882.662
 411      1.076067   -0.000213   -28.832            1 60927.415
 412      1.075536   -0.000531   -28.869            1 60972.804
 413      1.075004   -0.000532   -28.908            1 61018.103
 414      1.074878   -0.000126   -28.652            1 61063.308
 415      1.074480   -0.000398   -28.592            1 61109.359
 416      1.073706   -0.000774   -28.807            1 61155.631
 417      1.073335   -0.000370   -28.728            1 61201.247
 418      1.072551   -0.000784   -28.952            1 61247.144
 419      1.072021   -0.000529   -28.991            1 61292.353
 420      1.071674   -0.000347   -28.897            1 61337.465
 421      1.071478   -0.000196   -28.691            1 61382.908
 422      1.071270   -0.000207   -28.493            1 61429.045
 423      1.070460   -0.000811   -28.736            1 61475.856
 424      1.070148   -0.000312   -28.615            1 61521.907
 425      1.069639   -0.000509   -28.638            1 61568.383
 426      1.068992   -0.000647   -28.763            1 61614.814
 427      1.068498   -0.000494   -28.775            1 61660.867
 428      1.068227   -0.000271   -28.625            1 61706.905
 429      1.067520   -0.000707   -28.795            1 61753.469
 430      1.067074   -0.000446   -28.773            1 61799.501
 431      1.066628   -0.000445   -28.751            1 61845.632
 432      1.065675   -0.000953   -29.104            1 61891.865
 433      1.065396   -0.000279   -28.962            1 61936.953
 434      1.064782   -0.000614   -29.066            1 61982.539
 435      1.064395   -0.000387   -29.003            1 62027.803
 436      1.064233   -0.000162   -28.773            1 62073.302
 437      1.063551   -0.000682   -28.928            1 62119.596
 438      1.062811   -0.000740   -29.126            1 62165.397
 439      1.062692   -0.000118   -28.865            1 62210.556
 440      1.062072   -0.000620   -28.974            1 62256.620
 441      1.061914   -0.000159   -28.742            1 62302.338
 442      1.061285   -0.000629   -28.858            1 62348.869
 443      1.060979   -0.000305   -28.735            1 62395.031
 444      1.060233   -0.000746   -28.938            1 62441.641
 445      1.059839   -0.000394   -28.881            1 62487.582
 446      1.059392   -0.000447   -28.863            1 62533.743
 447      1.058957   -0.000435   -28.836            1 62579.989
 448      1.058351   -0.000606   -28.937            1 62626.351
 449      1.057967   -0.000383   -28.873            1 62672.388
 450      1.057833   -0.000134   -28.623            1 62718.673
 451      1.057279   -0.000554   -28.684            1 62765.852
 452      1.057196   -0.000083   -28.394            1 62812.845
 453      1.056691   -0.000506   -28.418            1 62860.878
 454      1.056178   -0.000512   -28.448            1 62908.856
 455      1.055733   -0.000445   -28.428            1 62956.757
 456      1.054702   -0.001031   -28.846            1 63004.758
 457      1.054373   -0.000329   -28.741            1 63051.308
 458      1.054034   -0.000339   -28.644            1 63098.251
 459      1.053801   -0.000232   -28.466            1 63145.564
 460      1.052990   -0.000812   -28.722            1 63193.537
 461      1.052786   -0.000204   -28.523            1 63240.623
 462      1.052200   -0.000586   -28.610            1 63288.445
 463      1.051984   -0.000216   -28.420            1 63335.982
 464      1.051244   -0.000740   -28.622            1 63384.228
 465      1.051079   -0.000165   -28.394            1 63431.768
 466      1.050656   -0.000423   -28.359            1 63480.161
 467      1.050414   -0.000242   -28.187            1 63528.708
 468      1.049229   -0.001185   -28.724            1 63577.911
 469      1.049071   -0.000158   -28.491            1 63625.178
 470      1.048587   -0.000484   -28.503            1 63673.320
 471      1.048043   -0.000544   -28.560            1 63721.443
 472      1.047645   -0.000398   -28.508            1 63769.380
 473      1.047582   -0.000063   -28.203            1 63817.534
 474      1.046799   -0.000782   -28.438            1 63866.844
 475      1.046553   -0.000246   -28.271            1 63915.305
 476      1.046045   -0.000508   -28.301            1 63964.415
 477      1.045183   -0.000862   -28.598            1 64013.439
 478      1.044804   -0.000379   -28.533            1 64061.375
 479      1.044504   -0.000300   -28.407            1 64109.579
 480      1.043988   -0.000516   -28.444            1 64158.280
 481      1.043815   -0.000173   -28.222            1 64206.865
 482      1.043054   -0.000761   -28.444            1 64256.314
 483      1.042849   -0.000205   -28.246            1 64304.945
 484      1.042447   -0.000402   -28.196            1 64354.354
 485      1.042021   -0.000426   -28.165            1 64403.978
 486      1.041533   -0.000488   -28.180            1 64453.748
 487      1.041023   -0.000511   -28.214            1 64503.484
 488      1.040672   -0.000351   -28.125            1 64553.117
 489      1.040209   -0.000463   -28.123            1 64603.117
 490      1.039237   -0.000972   -28.507            1 64653.153
 491      1.039034   -0.000203   -28.308            1 64701.723
 492      1.037987   -0.001047   -28.752            1 64751.085
 493      1.037551   -0.000437   -28.733            1 64798.743
 494      1.037429   -0.000122   -28.474            1 64846.491
 495      1.036769   -0.000659   -28.624            1 64895.267
 496      1.036666   -0.000103   -28.350            1 64943.475
 497      1.036093   -0.000573   -28.433            1 64992.779
 498      1.035590   -0.000503   -28.464            1 65041.774
 499      1.035319   -0.000271   -28.318            1 65090.666
 500      1.035196   -0.000124   -28.058            1 65140.158
 501      1.034540   -0.000656   -28.204            1 65190.708
 502      1.034314   -0.000226   -28.022            1 65240.697
 503      1.033378   -0.000936   -28.383            1 65291.438
 504      1.033282   -0.000096   -28.103            1 65340.751
 505      1.032783   -0.000499   -28.130            1 65391.214
 506      1.032623   -0.000160   -27.897            1 65441.591
 507      1.031835   -0.000788   -28.145            1 65492.935
 508      1.031521   -0.000314   -28.031            1 65543.291
 509      1.031405   -0.000115   -27.763            1 65594.135
 510      1.030569   -0.000836   -28.049            1 65646.099
 511      1.030332   -0.000237   -27.875            1 65696.916
 512      1.029946   -0.000386   -27.815            1 65748.471
 513      1.029713   -0.000234   -27.637            1 65800.299
 514      1.028863   -0.000850   -27.934            1 65852.889
 515      1.028295   -0.000568   -28.014            1 65904.273
 516      1.027792   -0.000504   -28.047            1 65955.341
 517      1.027515   -0.000277   -27.904            1 66006.297
 518      1.026977   -0.000537   -27.962            1 66057.870
 519      1.026471   -0.000507   -27.997            1 66109.222
 520      1.026032   -0.000439   -27.980            1 66160.447
 521      1.025171   -0.000861   -28.289            1 66211.765
 522      1.025086   -0.000085   -27.999            1 66261.795
 523      1.024596   -0.000490   -28.022            1 66313.067
 524      1.024146   -0.000450   -28.015            1 66364.261
 525      1.024070   -0.000075   -27.717            1 66415.505
 526      1.023680   -0.000391   -27.661            1 66468.047
 527      1.023067   -0.000613   -27.778            1 66520.850
 528      1.022191   -0.000876   -28.100            1 66573.172
 529      1.021930   -0.000261   -27.947            1 66624.123
 530      1.021863   -0.000067   -27.642            1 66675.753
 531      1.021222   -0.000640   -27.781            1 66728.728
 532      1.020574   -0.000648   -27.927            1 66781.117
 533      1.019845   -0.000729   -28.138            1 66832.887
 534      1.019147   -0.000698   -28.326            1 66883.752
 535      1.018827   -0.000320   -28.221            1 66933.805
 536      1.018764   -0.000063   -27.914            1 66984.332
 537      1.018565   -0.000199   -27.711            1 67036.224
 538      1.018023   -0.000542   -27.775            1 67089.031
 539      1.017601   -0.000422   -27.747            1 67141.571
 540      1.016877   -0.000724   -27.954            1 67194.258
 541      1.016260   -0.000617   -28.080            1 67246.033
 542      1.016035   -0.000224   -27.899            1 67297.260
 543      1.015505   -0.000531   -27.957            1 67349.313
 544      1.015063   -0.000441   -27.945            1 67401.118
 545      1.014721   -0.000342   -27.856            1 67452.989
 546      1.014130   -0.000591   -27.961            1 67505.280
 547      1.013827   -0.000303   -27.841            1 67557.103
 548      1.013501   -0.000326   -27.739            1 67609.485
 549      1.013133   -0.000368   -27.669            1 67662.350
 550      1.012394   -0.000739   -27.891            1 67715.549
 551      1.011653   -0.000741   -28.116            1 67767.744
 552      1.011210   -0.000444   -28.108            1 67818.915
 553      1.010877   -0.000333   -28.013            1 67870.129
 554      1.010725   -0.000152   -27.776            1 67921.787
 555      1.010070   -0.000655   -27.933            1 67974.560
 556      1.009824   -0.000245   -27.769            1 68026.609
 557      1.009254   -0.000570   -27.860            1 68079.437
 558      1.008812   -0.000443   -27.851            1 68131.850
 559      1.008508   -0.000304   -27.732            1 68184.315
 560      1.008079   -0.000429   -27.712            1 68237.349
 561      1.007524   -0.000556   -27.791            1 68290.492
 562      1.007151   -0.000373   -27.728            1 68343.265
 563      1.006470   -0.000681   -27.907            1 68396.352
 564      1.006302   -0.000168   -27.682            1 68448.590
 565      1.005924   -0.000378   -27.622            1 68501.914
 566      1.005613   -0.000312   -27.509            1 68555.538
 567      1.004877   -0.000735   -27.731            1 68609.719
 568      1.004598   -0.000279   -27.593            1 68662.834
 569      1.004072   -0.000526   -27.651            1 68716.626
 570      1.003394   -0.000678   -27.830            1 68770.148
 571      1.003364   -0.000030   -27.494            1 68822.805
 572      1.003209   -0.000155   -27.257            1 68877.108
 573      1.002260   -0.000949   -27.649            1 68932.591
 574      1.001533   -0.000727   -27.868            1 68986.152
 575      1.001275   -0.000259   -27.715            1 69038.639
 576      1.000861   -0.000414   -27.685            1 69091.884
 577      1.000358   -0.000503   -27.727            1 69145.283
 578      1.000204   -0.000154   -27.490            1 69198.480
 579      0.999577   -0.000627   -27.630            1 69252.862
 580      0.999242   -0.000334   -27.536            1 69306.553
 581      0.998544   -0.000698   -27.733            1 69360.717
 582      0.998411   -0.000133   -27.480            1 69413.893
 583      0.997983   -0.000428   -27.461            1 69468.353
 584      0.997530   -0.000453   -27.462            1 69522.914
 585      0.997337   -0.000193   -27.255            1 69577.476
 586      0.996551   -0.000786   -27.522            1 69633.101
 587      0.996002   -0.000549   -27.601            1 69687.366
 588      0.995868   -0.000134   -27.348            1 69741.227
 589      0.995267   -0.000600   -27.468            1 69796.393
 590      0.994966   -0.000302   -27.349            1 69850.945
 591      0.994793   -0.000173   -27.125            1 69906.119
 592      0.993956   -0.000837   -27.434            1 69962.464
 593      0.993638   -0.000318   -27.328            1 70017.202
 594      0.993518   -0.000120   -27.062            1 70072.496
 595      0.992382   -0.001136   -27.613            1 70129.194
 596      0.992200   -0.000181   -27.398            1 70182.997
 597      0.991410   -0.000790   -27.673            1 70237.931
 598      0.990937   -0.000473   -27.694            1 70291.409
 599      0.990806   -0.000131   -27.439            1 70344.769
 600      0.990593   -0.000213   -27.249            1 70399.478
 601      0.990126   -0.000467   -27.263            1 70455.202
 602      0.989949   -0.000177   -27.044            1 70510.851
 603      0.989347   -0.000602   -27.166            1 70567.688
 604      0.988970   -0.000377   -27.107            1 70623.868
 605      0.988505   -0.000465   -27.119            1 70680.369
 606      0.987971   -0.000534   -27.187            1 70736.808
 607      0.987400   -0.000571   -27.286            1 70792.873
 608      0.986971   -0.000429   -27.271            1 70848.396
 609      0.986650   -0.000321   -27.168            1 70904.001
 610      0.986094   -0.000556   -27.255            1 70960.169
 611      0.985803   -0.000291   -27.128            1 71015.853
 612      0.985138   -0.000665   -27.304            1 71072.236
 613      0.985022   -0.000117   -27.036            1 71127.639
 614      0.984726   -0.000295   -26.911            1 71184.533
 615      0.984576   -0.000150   -26.667            1 71242.125
 616      0.983720   -0.000856   -26.997            1 71301.091
 617      0.983366   -0.000354   -26.920            1 71358.200
 618      0.983025   -0.000341   -26.832            1 71415.740
 619      0.982592   -0.000433   -26.819            1 71473.779
 620      0.982265   -0.000327   -26.719            1 71531.894
 621      0.981521   -0.000744   -26.959            1 71590.581
 622      0.981166   -0.000356   -26.884            1 71647.892
 623      0.980695   -0.000471   -26.903            1 71705.631
 624      0.979964   -0.000730   -27.134            1 71763.258
 625      0.979845   -0.000119   -26.867            1 71819.543
 626      0.979479   -0.000366   -26.801            1 71877.366
 627      0.979046   -0.000433   -26.788            1 71935.573
 628      0.978110   -0.000937   -27.189            1 71993.848
 629      0.977822   -0.000287   -27.060            1 72049.772
 630      0.977545   -0.000277   -26.923            1 72106.436
 631      0.977225   -0.000320   -26.819            1 72163.898
 632      0.976804   -0.000420   -26.798            1 72221.963
 633      0.976097   -0.000708   -27.012            1 72280.148
 634      0.975643   -0.000453   -27.019            1 72337.048
 635      0.974811   -0.000833   -27.339            1 72393.892
 636      0.974493   -0.000318   -27.237            1 72448.812
 637      0.974417   -0.000076   -26.936            1 72504.318
 638      0.974017   -0.000400   -26.899            1 72561.614
 639      0.973630   -0.000387   -26.852            1 72619.117
 640      0.973493   -0.000137   -26.598            1 72676.895
 641      0.973121   -0.000371   -26.536            1 72736.205
 642      0.972831   -0.000291   -26.407            1 72795.886
 643      0.972314   -0.000517   -26.464            1 72856.354
 644      0.971762   -0.000552   -26.551            1 72916.464
 645      0.971328   -0.000434   -26.540            1 72976.032
 646      0.970908   -0.000420   -26.519            1 73035.653
 647      0.970611   -0.000297   -26.396            1 73095.397
 648      0.969748   -0.000863   -26.740            1 73155.902
 649      0.969690   -0.000058   -26.421            1 73214.238
 650      0.969176   -0.000514   -26.477            1 73274.564
 651      0.968843   -0.000333   -26.384            1 73334.524
 652      0.968617   -0.000226   -26.201            1 73395.063
 653      0.967872   -0.000745   -26.448            1 73456.753
 654      0.967366   -0.000506   -26.499            1 73516.859
 655      0.966961   -0.000405   -26.466            1 73576.625
 656      0.966599   -0.000362   -26.397            1 73636.588
 657      0.966459   -0.000141   -26.144            1 73696.976
 658      0.965877   -0.000582   -26.257            1 73758.987
 659      0.965534   -0.000343   -26.171            1 73820.259
 660      0.964674   -0.000860   -26.516            1 73882.075
 661      0.964227   -0.000447   -26.519            1 73941.628
 662      0.963875   -0.000352   -26.443            1 74001.136
 663      0.963564   -0.000311   -26.333            1 74061.118
 664      0.962915   -0.000649   -26.504            1 74121.808
 665      0.962587   -0.000328   -26.409            1 74181.344
 666      0.962200   -0.000387   -26.362            1 74241.488
 667      0.961913   -0.000287   -26.232            1 74301.919
 668      0.960945   -0.000968   -26.670            1 74363.199
 669      0.960796   -0.000149   -26.426            1 74421.522
 670      0.960652   -0.000144   -26.177            1 74481.447
 671      0.960204   -0.000448   -26.180            1 74543.030
 672      0.959688   -0.000516   -26.241            1 74604.570
 673      0.958931   -0.000757   -26.505            1 74665.673
 674      0.958774   -0.000156   -26.266            1 74724.952
 675      0.958298   -0.000476   -26.295            1 74785.829
 676      0.957835   -0.000463   -26.313            1 74846.481
 677      0.957606   -0.000230   -26.135            1 74906.981
 678      0.957019   -0.000587   -26.256            1 74968.683
 679      0.956684   -0.000335   -26.166            1 75029.516
 680      0.956504   -0.000180   -25.945            1 75090.943
 681      0.956009   -0.000495   -25.989            1 75153.888
 682      0.955947   -0.000062   -25.668            1 75216.504
 683      0.955617   -0.000330   -25.570            1 75281.365
 684      0.955106   -0.000511   -25.624            1 75346.902
 685      0.954512   -0.000594   -25.750            1 75412.037
 686      0.953480   -0.001032   -26.246            1 75476.258
 687      0.953244   -0.000236   -26.074            1 75536.903
 688      0.952884   -0.000360   -26.005            1 75598.743
 689      0.952560   -0.000324   -25.906            1 75661.042
 690      0.952035   -0.000525   -25.976            1 75724.028
 691      0.951880   -0.000155   -25.733            1 75786.471
 692      0.951452   -0.000428   -25.720            1 75850.649
 693      0.950600   -0.000852   -26.067            1 75914.893
 694      0.950179   -0.000421   -26.051            1 75976.566
 695      0.949808   -0.000370   -25.992            1 76038.315
 696      0.949324   -0.000485   -26.030            1 76100.456
 697      0.949031   -0.000293   -25.905            1 76162.275
 698      0.948463   -0.000568   -26.014            1 76224.976
 699      0.948258   -0.000204   -25.814            1 76286.828
 700      0.947861   -0.000397   -25.777            1 76350.130
 701      0.947589   -0.000272   -25.633            1 76413.672
 702      0.947331   -0.000257   -25.476            1 76478.260
 703      0.946844   -0.000488   -25.514            1 76544.005
 704      0.945912   -0.000931   -25.930            1 76609.431
 705      0.945520   -0.000392   -25.890            1 76671.642
 706      0.945461   -0.000059   -25.567            1 76734.108
 707      0.945118   -0.000343   -25.482            1 76799.015
 708      0.944596   -0.000523   -25.551            1 76864.537
 709      0.944460   -0.000136   -25.290            1 76929.485
 710      0.944124   -0.000335   -25.198            1 76996.427
 711      0.943832   -0.000293   -25.068            1 77064.061
 712      0.943015   -0.000816   -25.386            1 77132.684
 713      0.942775   -0.000240   -25.213            1 77198.768
 714      0.942276   -0.000499   -25.261            1 77266.178
 715      0.941446   -0.000829   -25.592            1 77333.173
 716      0.941106   -0.000340   -25.507            1 77397.488
 717      0.940940   -0.000167   -25.273            1 77462.432
 718      0.940626   -0.000313   -25.163            1 77529.207
 719      0.940357   -0.000269   -25.014            1 77596.830
 720      0.939501   -0.000856   -25.368            1 77665.621
 721      0.939185   -0.000316   -25.261            1 77731.495
 722      0.938772   -0.000413   -25.237            1 77798.189
 723      0.938175   -0.000597   -25.370            1 77865.033
 724      0.937682   -0.000494   -25.417            1 77930.731
 725      0.937217   -0.000464   -25.438            1 77995.992
 726      0.936953   -0.000265   -25.289            1 78061.016
 727      0.936862   -0.000091   -24.988            1 78127.224
 728      0.936446   -0.000416   -24.965            1 78195.889
 729      0.935924   -0.000522   -25.034            1 78264.701
 730      0.935315   -0.000609   -25.178            1 78332.888
 731      0.934890   -0.000425   -25.165            1 78399.805
 732      0.934476   -0.000415   -25.143            1 78466.778
 733      0.934315   -0.000161   -24.902            1 78533.876
 734      0.933635   -0.000680   -25.108            1 78602.977
 735      0.933237   -0.000397   -25.071            1 78670.260
 736      0.933132   -0.000106   -24.782            1 78737.799
 737      0.932463   -0.000669   -24.978            1 78807.781
 738      0.932281   -0.000182   -24.754            1 78876.005
 739      0.931622   -0.000659   -24.941            1 78946.128
 740      0.931076   -0.000547   -25.034            1 79014.554
 741      0.930866   -0.000210   -24.835            1 79082.108
 742      0.930176   -0.000689   -25.050            1 79151.349
 743      0.930027   -0.000149   -24.799            1 79218.620
 744      0.929849   -0.000178   -24.571            1 79288.052
 745      0.928850   -0.000999   -25.055            1 79359.464
 746      0.928605   -0.000245   -24.887            1 79426.484
 747      0.928325   -0.000279   -24.748            1 79494.935
 748      0.927772   -0.000554   -24.846            1 79564.573
 749      0.927624   -0.000147   -24.592            1 79633.250
 750      0.927419   -0.000205   -24.386            1 79704.173
 751      0.926322   -0.001097   -24.956            1 79776.922
 752      0.925922   -0.000401   -24.924            1 79844.378
 753      0.925670   -0.000252   -24.762            1 79912.045
 754      0.925231   -0.000439   -24.762            1 79981.128
 755      0.925045   -0.000186   -24.541            1 80050.133
 756      0.924797   -0.000248   -24.373            1 80121.120
 757      0.923991   -0.000806   -24.691            1 80193.617
 758      0.923794   -0.000196   -24.479            1 80263.052
 759      0.923580   -0.000215   -24.281            1 80334.409
 760      0.923186   -0.000394   -24.239            1 80407.573
 761      0.923015   -0.000171   -24.001            1 80481.078
 762      0.922409   -0.000606   -24.142            1 80556.803
 763      0.922200   -0.000209   -23.937            1 80631.105
 764      0.921914   -0.000285   -23.797            1 80707.331
 765      0.921635   -0.000279   -23.651            1 80784.863
 766      0.920816   -0.000819   -23.978            1 80863.779
 767      0.920486   -0.000330   -23.878            1 80939.428
 768      0.919756   -0.000731   -24.130            1 81016.002
 769      0.919541   -0.000215   -23.930            1 81090.021
 770      0.918938   -0.000603   -24.071            1 81165.950
 771      0.918771   -0.000167   -23.829            1 81240.408
 772      0.918184   -0.000587   -23.955            1 81317.214
 773      0.918050   -0.000134   -23.683            1 81392.683
 774      0.917215   -0.000835   -24.027            1 81470.829
 775      0.916812   -0.000403   -23.993            1 81545.418
 776      0.916039   -0.000773   -24.286            1 81620.268
 777      0.915736   -0.000303   -24.166            1 81692.047
 778      0.915525   -0.000211   -23.965            1 81764.949
 779      0.914923   -0.000602   -24.107            1 81839.833
 780      0.914830   -0.000093   -23.800            1 81913.161
 781      0.914557   -0.000274   -23.651            1 81989.580
 782      0.913720   -0.000837   -23.999            1 82067.476
 783      0.913541   -0.000178   -23.767            1 82141.636
 784      0.912940   -0.000602   -23.909            1 82218.140
 785      0.912642   -0.000298   -23.783            1 82293.056
 786      0.912498   -0.000144   -23.519            1 82369.214
 787      0.912048   -0.000450   -23.524            1 82448.102
 788      0.911473   -0.000575   -23.641            1 82526.850
 789      0.911244   -0.000228   -23.451            1 82604.251
 790      0.910710   -0.000534   -23.532            1 82683.618
 791      0.910314   -0.000396   -23.490            1 82762.024
 792      0.909940   -0.000374   -23.429            1 82840.791
 793      0.909433   -0.000507   -23.485            1 82920.139
 794      0.909281   -0.000152   -23.227            1 82998.772
 795      0.908936   -0.000345   -23.138            1 83080.178
 796      0.908784   -0.000152   -22.876            1 83162.496
 797      0.908452   -0.000331   -22.772            1 83247.674
 798      0.907806   -0.000646   -22.948            1 83333.962
 799      0.907080   -0.000726   -23.198            1 83418.184
 800      0.906925   -0.000155   -22.940            1 83499.492
 801      0.906417   -0.000507   -22.994            1 83583.657
 802      0.905802   -0.000616   -23.147            1 83667.115
 803      0.905386   -0.000416   -23.122            1 83748.730
 804      0.905016   -0.000370   -23.055            1 83830.535
 805      0.904485   -0.000531   -23.133            1 83913.013
 806      0.903827   -0.000658   -23.326            1 83994.488
 807      0.903683   -0.000143   -23.059            1 84073.603
 808      0.903474   -0.000210   -22.848            1 84155.737
 809      0.903121   -0.000353   -22.765            1 84240.252
 810      0.902350   -0.000771   -23.057            1 84325.665
 811      0.902267   -0.000083   -22.734            1 84407.496
 812      0.901734   -0.000532   -22.812            1 84493.093
 813      0.901350   -0.000385   -22.757            1 84577.656
 814      0.901216   -0.000133   -22.476            1 84662.774
 815      0.900970   -0.000246   -22.294            1 84751.218
 816      0.900142   -0.000828   -22.636            1 84841.811
 817      0.899759   -0.000383   -22.579            1 84928.118
 818      0.899395   -0.000364   -22.505            1 85015.019
 819      0.899015   -0.000380   -22.444            1 85102.743
 820      0.898593   -0.000422   -22.422            1 85191.123
 821      0.898090   -0.000503   -22.472            1 85279.690
 822      0.897570   -0.000520   -22.539            1 85367.525
 823      0.897218   -0.000353   -22.455            1 85454.406
 824      0.896895   -0.000322   -22.343            1 85542.242
 825      0.896264   -0.000631   -22.510            1 85631.400
 826      0.896022   -0.000242   -22.326            1 85718.309
 827      0.895678   -0.000343   -22.232            1 85807.468
 828      0.895246   -0.000432   -22.218            1 85897.737
 829      0.895086   -0.000160   -21.957            1 85988.079
 830      0.894711   -0.000374   -21.889            1 86081.735
 831      0.894067   -0.000645   -22.065            1 86176.208
 832      0.893942   -0.000125   -21.771            1 86268.246
 833      0.893423   -0.000519   -21.833            1 86364.103
 834      0.892887   -0.000536   -21.910            1 86459.047
 835      0.892395   -0.000492   -21.949            1 86552.846
 836      0.891811   -0.000585   -22.073            1 86646.016
 837      0.891447   -0.000364   -21.997            1 86737.390
 838      0.891026   -0.000421   -21.973            1 86829.672
 839      0.890927   -0.000098   -21.654            1 86922.165
 840      0.890290   -0.000637   -21.824            1 87018.939
 841      0.889882   -0.000408   -21.787            1 87113.250
 842      0.889385   -0.000497   -21.832            1 87207.956
 843      0.888857   -0.000528   -21.904            1 87301.926
 844      0.888473   -0.000384   -21.847            1 87394.743
 845      0.887775   -0.000698   -22.076            1 87488.242
 846      0.887666   -0.000110   -21.769            1 87578.356
 847      0.887452   -0.000214   -21.554            1 87672.691
 848      0.887087   -0.000365   -21.476            1 87769.972
 849      0.886662   -0.000425   -21.452            1 87868.265
 850      0.886119   -0.000543   -21.537            1 87966.790
 851      0.885694   -0.000425   -21.515            1 88063.948
 852      0.885314   -0.000380   -21.451            1 88161.303
 853      0.884967   -0.000347   -21.356            1 88259.468
 854      0.884060   -0.000907   -21.776            1 88358.907
 855      0.883919   -0.000141   -21.495            1 88451.968
 856      0.883687   -0.000232   -21.295            1 88549.062
 857      0.883292   -0.000396   -21.244            1 88649.022
 858      0.882561   -0.000731   -21.503            1 88749.620
 859      0.882259   -0.000301   -21.367            1 88846.150
 860      0.881895   -0.000364   -21.289            1 88944.592
 861      0.881316   -0.000579   -21.408            1 89044.086
 862      0.880772   -0.000544   -21.497            1 89141.587
 863      0.880418   -0.000354   -21.411            1 89237.549
 864      0.879984   -0.000434   -21.398            1 89334.673
 865      0.879729   -0.000255   -21.220            1 89431.817
 866      0.879684   -0.000045   -20.845            1 89531.596
 867      0.879358   -0.000326   -20.727            1 89637.173
 868      0.878823   -0.000534   -20.801            1 89744.514
 869      0.878282   -0.000542   -20.883            1 89850.535
 870      0.877941   -0.000341   -20.779            1 89955.095
 871      0.877691   -0.000251   -20.591            1 90061.192
 872      0.877388   -0.000303   -20.449            1 90170.233
 873      0.876801   -0.000587   -20.571            1 90281.487
 874      0.876372   -0.000429   -20.546            1 90390.604
 875      0.876048   -0.000324   -20.425            1 90499.992
 876      0.875374   -0.000674   -20.628            1 90611.282
 877      0.874910   -0.000464   -20.638            1 90719.022
 878      0.874550   -0.000360   -20.551            1 90826.433
 879      0.874107   -0.000443   -20.541            1 90935.157
 880      0.873656   -0.000451   -20.539            1 91043.896
 881      0.873332   -0.000324   -20.418            1 91152.510
 882      0.873058   -0.000274   -20.249            1 91263.060
 883      0.872287   -0.000771   -20.543            1 91376.405
 884      0.872104   -0.000183   -20.291            1 91484.445
 885      0.871861   -0.000243   -20.092            1 91596.741
 886      0.871535   -0.000326   -19.969            1 91712.414
 887      0.870849   -0.000687   -20.183            1 91830.153
 888      0.870701   -0.000148   -19.894            1 91943.912
 889      0.870317   -0.000384   -19.823            1 92062.735
 890      0.869716   -0.000601   -19.956            1 92182.717
 891      0.869150   -0.000566   -20.058            1 92300.130
 892      0.868368   -0.000782   -20.365            1 92415.519
 893      0.867936   -0.000433   -20.346            1 92525.089
 894      0.867604   -0.000332   -20.233            1 92634.788
 895      0.867207   -0.000397   -20.180            1 92746.381
 896      0.866795   -0.000412   -20.140            1 92858.760
 897      0.866469   -0.000326   -20.020            1 92971.677
 898      0.866087   -0.000382   -19.951            1 93086.669
 899      0.865584   -0.000503   -19.996            1 93202.782
 900      0.865230   -0.000354   -19.900            1 93317.834
 901      0.864825   -0.000405   -19.852            1 93434.522
 902      0.864501   -0.000324   -19.727            1 93551.940
 903      0.864169   -0.000332   -19.609            1 93671.609
 904      0.863645   -0.000524   -19.671            1 93793.421
 905      0.863385   -0.000260   -19.484            1 93913.810
 906      0.863027   -0.000358   -19.387            1 94037.746
 907      0.862480   -0.000547   -19.470            1 94163.445
 908      0.862145   -0.000335   -19.351            1 94287.311
 909      0.861367   -0.000778   -19.653            1 94413.399
 910      0.860829   -0.000538   -19.731            1 94533.126
 911      0.860184   -0.000646   -19.912            1 94651.033
 912      0.859801   -0.000383   -19.846            1 94764.951
 913      0.859382   -0.000419   -19.813            1 94879.959
 914      0.858898   -0.000484   -19.842            1 94995.373
 915      0.858693   -0.000205   -19.606            1 95109.888
 916      0.857988   -0.000705   -19.844            1 95229.092
 917      0.857756   -0.000232   -19.634            1 95342.981
 918      0.857358   -0.000398   -19.580            1 95461.039
 919      0.856728   -0.000630   -19.747            1 95579.969
 920      0.856423   -0.000305   -19.606            1 95694.999
 921      0.856249   -0.000174   -19.338            1 95812.782
 922      0.855620   -0.000628   -19.502            1 95936.127
 923      0.855397   -0.000224   -19.281            1 96055.587
 924      0.854983   -0.000414   -19.239            1 96179.656
 925      0.854625   -0.000358   -19.143            1 96304.381
 926      0.854174   -0.000451   -19.136            1 96430.978
 927      0.853843   -0.000331   -19.013            1 96557.470
 928      0.853409   -0.000434   -18.988            1 96686.474
 929      0.853310   -0.000099   -18.642            1 96815.787
 930      0.852732   -0.000578   -18.751            1 96952.880
 931      0.852416   -0.000316   -18.610            1 97087.179
 932      0.852128   -0.000288   -18.441            1 97224.547
 933      0.851894   -0.000233   -18.217            1 97365.710
 934      0.851289   -0.000605   -18.349            1 97512.036
 935      0.850774   -0.000515   -18.396            1 97655.003
 936      0.850055   -0.000719   -18.640            1 97796.614
 937      0.849360   -0.000695   -18.865            1 97932.040
 938      0.849072   -0.000288   -18.700            1 98061.690
 939      0.848234   -0.000838   -19.065            1 98195.049
 940      0.848154   -0.000081   -18.702            1 98319.090
 941      0.847750   -0.000403   -18.647            1 98451.748
 942      0.847371   -0.000379   -18.568            1 98585.451
 943      0.846993   -0.000378   -18.487            1 98720.811
 944      0.846682   -0.000311   -18.340            1 98857.890
 945      0.845850   -0.000832   -18.697            1 98998.403
 946      0.845740   -0.000110   -18.359            1 99129.407
 947      0.845502   -0.000238   -18.140            1 99268.800
 948      0.845068   -0.000434   -18.109            1 99413.594
 949      0.844455   -0.000613   -18.252            1 99558.905
 950      0.843927   -0.000528   -18.315            1 99700.121
 951      0.843735   -0.000192   -18.051            1 99839.314
 952      0.843321   -0.000413   -18.000            1 99985.243
 953      0.842315   -0.001006   -18.526            1 100132.237
 954      0.842155   -0.000160   -18.235            1 100264.562
 955      0.841361   -0.000793   -18.558            1 100404.406
 956      0.841083   -0.000278   -18.383            1 100534.956
 957      0.840957   -0.000126   -18.056            1 100669.874
 958      0.840475   -0.000483   -18.074            1 100813.478
 959      0.840176   -0.000298   -17.912            1 100956.178
 960      0.840026   -0.000150   -17.603            1 101103.066
 961      0.839227   -0.000799   -17.925            1 101258.447
 962      0.839018   -0.000209   -17.675            1 101404.171
 963      0.838843   -0.000175   -17.387            1 101556.771
 964      0.838605   -0.000238   -17.157            1 101717.470
 965      0.838082   -0.000523   -17.205            1 101884.700
 966      0.837127   -0.000955   -17.677            1 102050.244
 967      0.836969   -0.000159   -17.374            1 102201.262
 968      0.836505   -0.000463   -17.366            1 102361.030
 969      0.835928   -0.000577   -17.471            1 102520.673
 970      0.835503   -0.000425   -17.428            1 102676.710
 971      0.835124   -0.000379   -17.339            1 102833.663
 972      0.834994   -0.000131   -17.004            1 102992.984
 973      0.834758   -0.000236   -16.768            1 103162.455
 974      0.833682   -0.001076   -17.359            1 103339.128
 975      0.833103   -0.000578   -17.467            1 103496.590
 976      0.832659   -0.000444   -17.444            1 103650.118
 977      0.832060   -0.000599   -17.575            1 103803.868
 978      0.831849   -0.000211   -17.323            1 103952.862
 979      0.831217   -0.000632   -17.485            1 104109.518
 980      0.830870   -0.000347   -17.367            1 104260.296
 981      0.830367   -0.000503   -17.403            1 104414.415
 982      0.829557   -0.000810   -17.744            1 104566.775
 983      0.829509   -0.000048   -17.334            1 104707.081
 984      0.829136   -0.000372   -17.240            1 104860.553
 985      0.828654   -0.000482   -17.254            1 105016.633
 986      0.828360   -0.000294   -17.082            1 105171.616
 987      0.827921   -0.000439   -17.051            1 105331.986
 988      0.827296   -0.000625   -17.205            1 105492.850
 989      0.826962   -0.000334   -17.073            1 105647.659
 990      0.826817   -0.000145   -16.750            1 105806.520
 991      0.826185   -0.000632   -16.908            1 105976.367
 992      0.825645   -0.000539   -16.976            1 106139.906
 993      0.825372   -0.000274   -16.780            1 106300.322
 994      0.824697   -0.000675   -16.982            1 106467.277
 995      0.824267   -0.000430   -16.943            1 106626.098
 996      0.824150   -0.000117   -16.591            1 106785.646
 997      0.823831   -0.000319   -16.436            1 106957.764
 998      0.823117   -0.000714   -16.674            1 107135.197
 999      0.822772   -0.000345   -16.546            1 107302.876
1000      0.822267   -0.000505   -16.576            1 107474.799
1001      0.822052   -0.000216   -16.318            1 107644.847
1002      0.821953   -0.000098   -15.937            1 107824.389
1003      0.821158   -0.000795   -16.251            1 108018.515
1004      0.820880   -0.000279   -16.051            1 108199.471
1005      0.820456   -0.000424   -15.994            1 108387.885
1006      0.819933   -0.000523   -16.036            1 108578.036
1007      0.819151   -0.000781   -16.340            1 108765.817
1008      0.818975   -0.000177   -16.039            1 108940.324
1009      0.818599   -0.000376   -15.934            1 109126.636
1010      0.817991   -0.000608   -16.063            1 109316.686
1011      0.817775   -0.000216   -15.798            1 109500.562
1012      0.817172   -0.000602   -15.919            1 109695.097
1013      0.817007   -0.000166   -15.601            1 109883.670
1014      0.816343   -0.000663   -15.782            1 110085.476
1015      0.815751   -0.000592   -15.893            1 110278.627
1016      0.815160   -0.000591   -16.007            1 110466.037
1017      0.814732   -0.000428   -15.957            1 110647.521
1018      0.814574   -0.000158   -15.632            1 110830.355
1019      0.813765   -0.000809   -15.963            1 111027.130
1020      0.813568   -0.000197   -15.679            1 111207.829
1021      0.812905   -0.000663   -15.863            1 111400.769
1022      0.812497   -0.000408   -15.791            1 111584.174
1023      0.812290   -0.000208   -15.515            1 111769.957
1024      0.811442   -0.000848   -15.886            1 111967.960
1025      0.811157   -0.000285   -15.690            1 112147.158
1026      0.810600   -0.000556   -15.768            1 112334.734
1027      0.810010   -0.000591   -15.883            1 112517.422
1028      0.809737   -0.000273   -15.676            1 112693.317
1029      0.809166   -0.000570   -15.768            1 112878.306
1030      0.808981   -0.000185   -15.470            1 113057.466
1031      0.808670   -0.000311   -15.295            1 113250.544
1032      0.808513   -0.000158   -14.961            1 113451.524
1033      0.807737   -0.000776   -15.253            1 113668.906
1034      0.807267   -0.000470   -15.237            1 113869.962
1035      0.806676   -0.000591   -15.345            1 114070.733
1036      0.806447   -0.000229   -15.085            1 114264.529
1037      0.806293   -0.000154   -14.744            1 114471.132
1038      0.805800   -0.000493   -14.744            1 114695.301
1039      0.804834   -0.000965   -15.229            1 114918.485
1040      0.804622   -0.000213   -14.951            1 115113.538
1041      0.804281   -0.000341   -14.800            1 115322.848
1042      0.804182   -0.000098   -14.397            1 115539.520
1043      0.803705   -0.000478   -14.377            1 115778.327
1044      0.803068   -0.000637   -14.520            1 116017.364
1045      0.802495   -0.000573   -14.601            1 116246.930
1046      0.801917   -0.000578   -14.688            1 116470.527
1047      0.801807   -0.000110   -14.296            1 116687.599
1048      0.801498   -0.000309   -14.101            1 116927.191
1049      0.800843   -0.000655   -14.259            1 117177.721
1050      0.800510   -0.000333   -14.089            1 117417.313
1051      0.800210   -0.000300   -13.881            1 117666.408
1052      0.799605   -0.000606   -13.986            1 117927.664
1053      0.799227   -0.000377   -13.857            1 118181.105
1054      0.798707   -0.000520   -13.874            1 118441.814
1055      0.797949   -0.000758   -14.138            1 118700.320
1056      0.797599   -0.000350   -13.984            1 118940.095
1057      0.796830   -0.000770   -14.264            1 119188.720
1058      0.796308   -0.000522   -14.292            1 119417.040
1059      0.795876   -0.000432   -14.228            1 119641.737
1060      0.795513   -0.000362   -14.090            1 119869.121
1061      0.794951   -0.000563   -14.158            1 120104.330
1062      0.794779   -0.000172   -13.821            1 120333.022
1063      0.794567   -0.000212   -13.519            1 120583.941
1064      0.794003   -0.000564   -13.579            1 120855.182
1065      0.793711   -0.000292   -13.356            1 121120.660
1066      0.793059   -0.000652   -13.504            1 121401.218
1067      0.792604   -0.000454   -13.449            1 121669.243
1068      0.791982   -0.000623   -13.570            1 121939.822
1069      0.791716   -0.000265   -13.319            1 122199.506
1070      0.791351   -0.000366   -13.169            1 122476.873
1071      0.790941   -0.000410   -13.062            1 122764.511
1072      0.789975   -0.000966   -13.536            1 123059.217
1073      0.789559   -0.000415   -13.443            1 123314.105
1074      0.788722   -0.000837   -13.791            1 123574.411
1075      0.788615   -0.000108   -13.382            1 123804.094
1076      0.788252   -0.000363   -13.231            1 124065.172
1077      0.787687   -0.000565   -13.290            1 124336.733
1078      0.787430   -0.000258   -13.028            1 124601.159
1079      0.787235   -0.000195   -12.694            1 124886.034
1080      0.786266   -0.000968   -13.167            1 125198.286
1081      0.785946   -0.000321   -12.969            1 125466.650
1082      0.785654   -0.000292   -12.736            1 125750.376
1083      0.785109   -0.000545   -12.765            1 126053.104
1084      0.784482   -0.000626   -12.882            1 126350.986
1085      0.784265   -0.000217   -12.569            1 126635.754
1086      0.783688   -0.000577   -12.629            1 126947.706
1087      0.783349   -0.000340   -12.440            1 127251.700
1088      0.783019   -0.000330   -12.237            1 127571.767
1089      0.782321   -0.000697   -12.418            1 127909.838
1090      0.782076   -0.000245   -12.125            1 128227.629
1091      0.781576   -0.000501   -12.095            1 128572.967
1092      0.780956   -0.000620   -12.193            1 128919.254
1093      0.780792   -0.000164   -11.809            1 129253.155
1094      0.779851   -0.000941   -12.241            1 129625.639
1095      0.779481   -0.000369   -12.076            1 129949.498
1096      0.779329   -0.000152   -11.677            1 130288.487
1097      0.779078   -0.000251   -11.374            1 130669.256
1098      0.778698   -0.000380   -11.199            1 131082.559
1099      0.777787   -0.000911   -11.588            1 131514.478
1100      0.777256   -0.000531   -11.581            1 131899.324
1101      0.776634   -0.000622   -11.673            1 132282.653
1102      0.776202   -0.000432   -11.564            1 132652.548
1103      0.775555   -0.000647   -11.683            1 133032.961
1104      0.774800   -0.000754   -11.920            1 133395.989
1105      0.774136   -0.000664   -12.068            1 133726.367
1106      0.773936   -0.000200   -11.722            1 134034.413
1107      0.773716   -0.000220   -11.389            1 134382.271
1108      0.773239   -0.000477   -11.323            1 134769.782
1109      0.772715   -0.000524   -11.305            1 135162.841
1110      0.772564   -0.000151   -10.886            1 135554.997
1111      0.772025   -0.000539   -10.874            1 136001.469
1112      0.771269   -0.000756   -11.095            1 136447.154
1113      0.770735   -0.000534   -11.085            1 136858.534
1114      0.770076   -0.000658   -11.209            1 137267.905
1115      0.769743   -0.000333   -10.985            1 137655.552
1116      0.769401   -0.000342   -10.765            1 138072.062
1117      0.768226   -0.001176   -11.440            1 138518.117
1118      0.768176   -0.000049   -10.918            1 138857.474
1119      0.767861   -0.000316   -10.668            1 139272.049
1120      0.767373   -0.000487   -10.597            1 139721.850
1121      0.767037   -0.000336   -10.360            1 140179.242
1122      0.766259   -0.000778   -10.597            1 140671.740
1123      0.766169   -0.000090   -10.093            1 141120.960
1124      0.765616   -0.000553   -10.078            1 141652.015
1125      0.764685   -0.000930   -10.474            1 142182.659
1126      0.764210   -0.000475   -10.386            1 142639.690
1127      0.763534   -0.000677   -10.517            1 143107.432
1128      0.763014   -0.000520   -10.481            1 143546.288
1129      0.762549   -0.000464   -10.384            1 143985.898
1130      0.762413   -0.000136    -9.925            1 144437.787
1131      0.761605   -0.000808   -10.186            1 144972.419
1132      0.761351   -0.000255    -9.851            1 145450.846
1133      0.760804   -0.000547    -9.826            1 145990.647
1134      0.760344   -0.000460    -9.704            1 146530.697
1135      0.759495   -0.000849   -10.006            1 147091.020
1136      0.759322   -0.000172    -9.576            1 147581.844
1137      0.759241   -0.000082    -9.031            1 148159.331
1138      0.758161   -0.001080    -9.565            1 148854.209
1139      0.757845   -0.000316    -9.278            1 149423.531
1140      0.756913   -0.000932    -9.661            1 150053.409
1141      0.756294   -0.000618    -9.712            1 150587.372
1142      0.755954   -0.000340    -9.459            1 151101.377
1143      0.755283   -0.000671    -9.562            1 151668.945
1144      0.754669   -0.000615    -9.607            1 152202.994
1145      0.753934   -0.000735    -9.788            1 152716.620
1146      0.753377   -0.000557    -9.779            1 153173.780
1147      0.753228   -0.000149    -9.318            1 153621.932
1148      0.752916   -0.000312    -9.021            1 154182.379
1149      0.752486   -0.000430    -8.844            1 154815.762
1150      0.751654   -0.000832    -9.105            1 155491.687
1151      0.751520   -0.000134    -8.603            1 156082.891
1152      0.750937   -0.000583    -8.580            1 156814.323
1153      0.750491   -0.000445    -8.403            1 157545.306
1154      0.749678   -0.000813    -8.629            1 158324.425
1155      0.749373   -0.000305    -8.299            1 159022.780
1156      0.748613   -0.000760    -8.463            1 159820.906
1157      0.747995   -0.000618    -8.476            1 160554.845
1158      0.747703   -0.000292    -8.126            1 161273.428
1159      0.747108   -0.000595    -8.100            1 162106.067
1160      0.745745   -0.001363    -8.934            1 162939.325
1161      0.745621   -0.000124    -8.417            1 163451.752
1162      0.745369   -0.000253    -8.023            1 164140.347
1163      0.744736   -0.000633    -8.036            1 164969.331
1164      0.744568   -0.000168    -7.529            1 165780.543
1165      0.743828   -0.000740    -7.640            1 166792.582
1166      0.742959   -0.000869    -7.904            1 167747.483
1167      0.742375   -0.000584    -7.861            1 168573.570
1168      0.741822   -0.000553    -7.781            1 169402.882
1169      0.741698   -0.000124    -7.213            1 170252.450
1170      0.740925   -0.000774    -7.351            1 171361.290
1171      0.739956   -0.000969    -7.718            1 172390.327
1172      0.739747   -0.000209    -7.245            1 173216.265
1173      0.739086   -0.000661    -7.258            1 174270.473
1174      0.737876   -0.001209    -7.897            1 175301.118
1175      0.737512   -0.000365    -7.612            1 175956.755
1176      0.736526   -0.000986    -8.017            1 176742.323
1177      0.736515   -0.000011    -7.338            1 177262.044
1178      0.736111   -0.000404    -7.067            1 178150.938
1179      0.735164   -0.000948    -7.400            1 179182.307
1180      0.734830   -0.000333    -7.054            1 179969.925
1181      0.734604   -0.000226    -6.566            1 180953.302
1182      0.733800   -0.000804    -6.707            1 182251.135
1183      0.733391   -0.000409    -6.407            1 183422.589
1184      0.732508   -0.000882    -6.628            1 184794.863
1185      0.731977   -0.000532    -6.465            1 185966.501
1186      0.731532   -0.000445    -6.192     0.999999 187237.674
1187      0.731485   -0.000047    -5.446     0.999958 188710.763
1188      0.730421   -0.001064    -5.812     0.999993 190845.503
1189      0.729690   -0.000731    -5.824     0.999993 192625.235
1190      0.728889   -0.000801    -5.920     0.999996 194371.636
1191      0.727941   -0.000948    -6.195     0.999999 195991.976
1192      0.727862   -0.000079    -5.489     0.999965 197281.436
1193      0.727036   -0.000826    -5.590     0.999978 199309.430
1194      0.726852   -0.000184    -4.958     0.999672 201191.008
1195      0.725774   -0.001078    -5.311     0.999923 203839.836
1196      0.725380   -0.000394    -4.900     0.999591 206013.822
1197      0.724463   -0.000917    -5.065     0.999785 208734.592
1198      0.722954   -0.001510    -5.943     0.999996 211201.046
1199      0.722735   -0.000219    -5.386     0.999945 212305.249
1200      0.722181   -0.000554    -5.175     0.999863 214165.353
1201      0.722041   -0.000140    -4.458     0.998063 216299.544
1202      0.720947   -0.001094    -4.791     0.999387 219674.487
1203      0.720335   -0.000612    -4.594      0.99877 222388.311
1204      0.719733   -0.000602    -4.366     0.997406 225449.230
1205      0.719021   -0.000711    -4.244     0.996226 228970.125
1206      0.717651   -0.001370    -4.896     0.999584 232756.500
1207      0.716865   -0.000786    -4.927     0.999631 234882.024
1208      0.716347   -0.000518    -4.643     0.998962 236759.443
1209      0.715479   -0.000868    -4.744     0.999273 239215.610
1210      0.714685   -0.000794    -4.769     0.999336 241189.318
1211      0.714087   -0.000599    -4.566     0.998646 242840.428
1212      0.713926   -0.000161    -3.817     0.987762 244875.318
1213      0.713580   -0.000345    -3.183     0.950247 249411.603
1214      0.712774   -0.000806    -3.001      0.93049 256596.289
1215      0.712001   -0.000773    -2.751     0.894907 264836.758
1216      0.711370   -0.000631    -2.284     0.800277 274728.358
1217      0.710264   -0.001106    -2.315     0.807558 288121.630
1218      0.708596   -0.001668    -3.080     0.939683 302196.176
1219      0.708249   -0.000347    -2.339     0.813315 310807.526
1220      0.707471   -0.000778    -1.986     0.721616 326218.669
1221      0.706065   -0.001406    -2.378     0.822255 346687.383
1222      0.705096   -0.000969    -2.313     0.807068 363656.277
1223      0.704560   -0.000536    -1.648      0.62051 382420.399
1224      0.702728   -0.001832    -2.587     0.865903 414969.821
1225      0.701847   -0.000881    -2.512     0.851017 430068.528
1226      0.700787   -0.001060    -2.671     0.881417 446084.537
1227      0.699602   -0.001184    -3.056     0.936988 456167.122
1228      0.699298   -0.000304        NA           NA        NA
1229      0.698426   -0.000872        NA           NA        NA
1230      0.696664   -0.001763        NA           NA        NA
1231      0.696328   -0.000336        NA           NA        NA
1232      0.696164   -0.000163        NA           NA        NA
1233      0.694759   -0.001405        NA           NA        NA
1234      0.692324   -0.002435        NA           NA        NA
1235      0.689763   -0.002561        NA           NA        NA
1236      0.689019   -0.000745        NA           NA        NA
    kurtosis           snps    indivs
 eigenvector    1     3.258    13.955
 eigenvector    2    38.218    25.965
 eigenvector    3     4.318   232.764
 eigenvector    4     4.396   300.518
 eigenvector    5     3.037     3.753
 eigenvector    6     4.040     8.144
 eigenvector    7     3.061     5.062
 eigenvector    8     4.330     9.221
 eigenvector    9     3.436    76.326
 eigenvector   10     3.166     9.163
population:   0              Control  468
population:   1                 Case  769

## Average divergence between populations:
              Control       Case     popsize
   Control      1.001      1.000         468
      Case      1.000      0.999         769


number of blocks for moving block jackknife: 545

fst *1000:
          C     C 
   C      0     0
   C      0     0

s.dev * 1000000:
          C     C 
   C      0     7
   C      7     0

eigenvector 1:means
             Control     -0.000
                Case      0.000
## Anova statistics for population differences along each eigenvector:
                                              p-value
             eigenvector_1_Control_Case_       0.78441 
eigenvector 2:means
             Control     -0.002
                Case      0.001
             eigenvector_2_Control_Case_      0.027549 
eigenvector 3:means
             Control     -0.002
                Case      0.001
             eigenvector_3_Control_Case_      0.030361 
eigenvector 4:means
                Case     -0.000
             Control      0.000
             eigenvector_4_Control_Case_      0.682909 
eigenvector 5:means
             Control     -0.001
                Case      0.000
             eigenvector_5_Control_Case_      0.546191 
eigenvector 6:means
                Case     -0.000
             Control      0.000
             eigenvector_6_Control_Case_      0.866272 
eigenvector 7:means
             Control     -0.003
                Case      0.002
             eigenvector_7_Control_Case_    0.00809185 
eigenvector 8:means
                Case     -0.001
             Control      0.001
             eigenvector_8_Control_Case_      0.281012 
eigenvector 9:means
             Control     -0.002
                Case      0.001
             eigenvector_9_Control_Case_     0.0188405 
eigenvector 10:means
             Control     -0.002
                Case      0.001
            eigenvector_10_Control_Case_     0.0327464 

## Statistical significance of differences beween populations:
                                pop1                  pop2      chisq          p-value   |pop1|   |pop2|
popdifference:               Control                  Case        28.487    0.00150777     468     769

eigbestsnp    1             rs938800  2    192006684     5.392
eigbestsnp    1            rs4676989  3     75147150     5.248
eigbestsnp    1            rs7593370  2    135339987     5.143
eigbestsnp    1             rs875439  4    167667962     4.976
eigbestsnp    1            rs2213909  8     17984790     4.936
eigbestsnp    1            rs6463114  7     42472956     4.817
eigbestsnp    1            rs7541003  1     65604940     4.718
eigbestsnp    1            rs7202140 16      3864655     4.609
eigbestsnp    1            rs7813843  8    136517869     4.538
eigbestsnp    1            rs2835133 21     36055327     4.525
eigbestsnp    2           rs41412544  1    232365381    18.376
eigbestsnp    2           rs16892852  8    120682427    18.122
eigbestsnp    2           rs11842721 13     36358430    17.400
eigbestsnp    2            rs3776349  5    142410393    16.848
eigbestsnp    2            rs7817227  8     27973976    16.475
eigbestsnp    2             rs746767  1    219025582    16.140
eigbestsnp    2            rs2122339  4     27303287    15.338
eigbestsnp    2            rs4300052  9      5839986    14.393
eigbestsnp    2            rs2140641  7    109297582    13.875
eigbestsnp    2            rs4676631  3     39118127    13.415
eigbestsnp    3            rs6863508  5    159064374     6.937
eigbestsnp    3            rs9992154  4    131086293     6.316
eigbestsnp    3             rs312568  5    143327425     6.266
eigbestsnp    3            rs4846366  1    220662121     6.248
eigbestsnp    3            rs4300052  9      5839986     6.057
eigbestsnp    3            rs4793672 17     46233684     6.050
eigbestsnp    3           rs17127621 11    123100702     5.992
eigbestsnp    3            rs7817227  8     27973976     5.984
eigbestsnp    3           rs10053139  5     21735999     5.927
eigbestsnp    3             rs746767  1    219025582     5.774
eigbestsnp    4            rs9992154  4    131086293     6.985
eigbestsnp    4            rs6128983 20     58960080     6.868
eigbestsnp    4           rs17066389  4    179737086     6.443
eigbestsnp    4            rs7982110 13     58621430     6.045
eigbestsnp    4           rs17035560  2     46824391     5.601
eigbestsnp    4            rs7533564  1     78598500     5.527
eigbestsnp    4           rs11160530 14     99134427     5.340
eigbestsnp    4            rs4889171 16     79215045     5.328
eigbestsnp    4           rs12584484 13     33741895     5.118
eigbestsnp    4            rs9929386 16     19422601     5.111
eigbestsnp    5           rs17016781  3     25580890     4.450
eigbestsnp    5            rs9397908  6    156545345     4.082
eigbestsnp    5             rs916977 15     26186959     4.068
eigbestsnp    5           rs11607128 11     27761301     4.068
eigbestsnp    5            rs6890493  5     97740030     4.046
eigbestsnp    5           rs10901402 10    127215368     4.018
eigbestsnp    5             rs303793 12     50533203     4.013
eigbestsnp    5            rs4358083  2     19186554     3.991
eigbestsnp    5            rs2362852  3     55782111     3.976
eigbestsnp    5            rs7212045 17     46061023     3.870
eigbestsnp    6            rs6657340  1     90852290     9.100
eigbestsnp    6            rs1925246 10     95858110     9.090
eigbestsnp    6            rs9922883 16     70852615     8.135
eigbestsnp    6           rs17004823 22     22777303     7.642
eigbestsnp    6            rs7773693  6    156650110     7.503
eigbestsnp    6           rs17839277  5     18057864     7.445
eigbestsnp    6           rs41466547  1     40539129     7.376
eigbestsnp    6             rs689654 15     51816767     6.964
eigbestsnp    6            rs3774827  4      5505124     6.763
eigbestsnp    6            rs7202140 16      3864655     6.579
eigbestsnp    7            rs6657340  1     90852290     5.130
eigbestsnp    7            rs7773693  6    156650110     4.642
eigbestsnp    7           rs10213884  5    174527189     4.505
eigbestsnp    7           rs10110295  8     83084037     4.402
eigbestsnp    7            rs7693951  4     16190401     4.360
eigbestsnp    7             rs182461 16     85365735     4.318
eigbestsnp    7              rs16526 17     34575198     4.292
eigbestsnp    7            rs8068581 17     65309218     4.036
eigbestsnp    7           rs11041850 11      8272804     4.017
eigbestsnp    7            rs2029623  7    128294533     3.998
eigbestsnp    8            rs6657340  1     90852290     9.769
eigbestsnp    8            rs7773693  6    156650110     8.720
eigbestsnp    8            rs9922883 16     70852615     8.486
eigbestsnp    8            rs8068581 17     65309218     7.499
eigbestsnp    8            rs3774827  4      5505124     7.383
eigbestsnp    8            rs2865803  7     68907809     7.138
eigbestsnp    8           rs11010238 10     35954523     7.097
eigbestsnp    8           rs17004823 22     22777303     6.797
eigbestsnp    8           rs16894289  4     16672950     6.718
eigbestsnp    8            rs8052201 16     82937210     6.508
eigbestsnp    9           rs11219743 11    124027930     5.729
eigbestsnp    9           rs17031513 12    100446533     5.382
eigbestsnp    9            rs9909477 17     66598699     5.107
eigbestsnp    9            rs4951625  1    210841380     5.037
eigbestsnp    9             rs197899  6     95643428     5.011
eigbestsnp    9           rs17068500  6    108099428     4.928
eigbestsnp    9            rs7657948  4    151504432     4.721
eigbestsnp    9           rs10980854  9    113090178     4.621
eigbestsnp    9            rs2457068  1     47806582     4.601
eigbestsnp    9           rs12464529  2    138203933     4.506
eigbestsnp   10            rs7046585  9      8671940     5.840
eigbestsnp   10            rs4836002  5    122704060     5.129
eigbestsnp   10            rs7328592 13     76014270     5.075
eigbestsnp   10            rs8000663 13     75186419     5.020
eigbestsnp   10           rs16955598 17     50550682     4.875
eigbestsnp   10            rs4300052  9      5839986     4.616
eigbestsnp   10            rs4645974  8    128823871     4.379
eigbestsnp   10             rs197899  6     95643428     4.339
eigbestsnp   10           rs17062886  6    102735993     4.306
eigbestsnp   10           rs10808654  8     93863254     4.299
##end of smartpca run
